<?xml version="1.0" encoding="UTF-8"?>
<testsuites>
  <testsuite name="" tests="91" assertions="323" errors="0" warnings="0" failures="0" skipped="0" time="0.090035">
    <testsuite name="Project Test Suite" tests="91" assertions="323" errors="0" warnings="0" failures="0" skipped="0" time="0.090035">
      <testsuite name="App\Card\CardGraphicTest" file="/Users/jonatan/Desktop/BTH/dbwebb-kurser/mvc/me/report/tests/Card/CardGraphicTest.php" tests="2" assertions="4" errors="0" warnings="0" failures="0" skipped="0" time="0.005890">
        <testcase name="testCreateCardGraphic" class="App\Card\CardGraphicTest" classname="App.Card.CardGraphicTest" file="/Users/jonatan/Desktop/BTH/dbwebb-kurser/mvc/me/report/tests/Card/CardGraphicTest.php" line="16" assertions="3" time="0.005701"/>
        <testcase name="testToString" class="App\Card\CardGraphicTest" classname="App.Card.CardGraphicTest" file="/Users/jonatan/Desktop/BTH/dbwebb-kurser/mvc/me/report/tests/Card/CardGraphicTest.php" line="32" assertions="1" time="0.000189"/>
      </testsuite>
      <testsuite name="App\Card\CardHandTest" file="/Users/jonatan/Desktop/BTH/dbwebb-kurser/mvc/me/report/tests/Card/CardHandTest.php" tests="4" assertions="6" errors="0" warnings="0" failures="0" skipped="0" time="0.001646">
        <testcase name="testCreateHand" class="App\Card\CardHandTest" classname="App.Card.CardHandTest" file="/Users/jonatan/Desktop/BTH/dbwebb-kurser/mvc/me/report/tests/Card/CardHandTest.php" line="16" assertions="2" time="0.001121"/>
        <testcase name="testAddingCard" class="App\Card\CardHandTest" classname="App.Card.CardHandTest" file="/Users/jonatan/Desktop/BTH/dbwebb-kurser/mvc/me/report/tests/Card/CardHandTest.php" line="27" assertions="2" time="0.000188"/>
        <testcase name="testRemovingCard" class="App\Card\CardHandTest" classname="App.Card.CardHandTest" file="/Users/jonatan/Desktop/BTH/dbwebb-kurser/mvc/me/report/tests/Card/CardHandTest.php" line="44" assertions="1" time="0.000171"/>
        <testcase name="testToString" class="App\Card\CardHandTest" classname="App.Card.CardHandTest" file="/Users/jonatan/Desktop/BTH/dbwebb-kurser/mvc/me/report/tests/Card/CardHandTest.php" line="58" assertions="1" time="0.000165"/>
      </testsuite>
      <testsuite name="App\Card\CardTest" file="/Users/jonatan/Desktop/BTH/dbwebb-kurser/mvc/me/report/tests/Card/CardTest.php" tests="2" assertions="4" errors="0" warnings="0" failures="0" skipped="0" time="0.000317">
        <testcase name="testCreateCard" class="App\Card\CardTest" classname="App.Card.CardTest" file="/Users/jonatan/Desktop/BTH/dbwebb-kurser/mvc/me/report/tests/Card/CardTest.php" line="16" assertions="3" time="0.000167"/>
        <testcase name="testToString" class="App\Card\CardTest" classname="App.Card.CardTest" file="/Users/jonatan/Desktop/BTH/dbwebb-kurser/mvc/me/report/tests/Card/CardTest.php" line="32" assertions="1" time="0.000150"/>
      </testsuite>
      <testsuite name="App\Card\DeckOfCardsTest" file="/Users/jonatan/Desktop/BTH/dbwebb-kurser/mvc/me/report/tests/Card/DeckOfCardsTest.php" tests="6" assertions="12" errors="0" warnings="0" failures="0" skipped="0" time="0.004461">
        <testcase name="testCreateDeckOfCards" class="App\Card\DeckOfCardsTest" classname="App.Card.DeckOfCardsTest" file="/Users/jonatan/Desktop/BTH/dbwebb-kurser/mvc/me/report/tests/Card/DeckOfCardsTest.php" line="19" assertions="2" time="0.001899"/>
        <testcase name="testDrawValid" class="App\Card\DeckOfCardsTest" classname="App.Card.DeckOfCardsTest" file="/Users/jonatan/Desktop/BTH/dbwebb-kurser/mvc/me/report/tests/Card/DeckOfCardsTest.php" line="30" assertions="2" time="0.000282"/>
        <testcase name="testDrawException" class="App\Card\DeckOfCardsTest" classname="App.Card.DeckOfCardsTest" file="/Users/jonatan/Desktop/BTH/dbwebb-kurser/mvc/me/report/tests/Card/DeckOfCardsTest.php" line="45" assertions="1" time="0.000998"/>
        <testcase name="testSort" class="App\Card\DeckOfCardsTest" classname="App.Card.DeckOfCardsTest" file="/Users/jonatan/Desktop/BTH/dbwebb-kurser/mvc/me/report/tests/Card/DeckOfCardsTest.php" line="58" assertions="2" time="0.000744"/>
        <testcase name="testDrawMultiple" class="App\Card\DeckOfCardsTest" classname="App.Card.DeckOfCardsTest" file="/Users/jonatan/Desktop/BTH/dbwebb-kurser/mvc/me/report/tests/Card/DeckOfCardsTest.php" line="74" assertions="4" time="0.000250"/>
        <testcase name="testToString" class="App\Card\DeckOfCardsTest" classname="App.Card.DeckOfCardsTest" file="/Users/jonatan/Desktop/BTH/dbwebb-kurser/mvc/me/report/tests/Card/DeckOfCardsTest.php" line="97" assertions="1" time="0.000289"/>
      </testsuite>
      <testsuite name="App\Entity\EntityTest" file="/Users/jonatan/Desktop/BTH/dbwebb-kurser/mvc/me/report/tests/Entity/LibraryTest.php" tests="1" assertions="6" errors="0" warnings="0" failures="0" skipped="0" time="0.000766">
        <testcase name="testLibrary" class="App\Entity\EntityTest" classname="App.Entity.EntityTest" file="/Users/jonatan/Desktop/BTH/dbwebb-kurser/mvc/me/report/tests/Entity/LibraryTest.php" line="17" assertions="6" time="0.000766"/>
      </testsuite>
      <testsuite name="App\Game\GameStateTest" file="/Users/jonatan/Desktop/BTH/dbwebb-kurser/mvc/me/report/tests/Game/GameStateTest.php" tests="10" assertions="23" errors="0" warnings="0" failures="0" skipped="0" time="0.004967">
        <testcase name="testCreateGameState" class="App\Game\GameStateTest" classname="App.Game.GameStateTest" file="/Users/jonatan/Desktop/BTH/dbwebb-kurser/mvc/me/report/tests/Game/GameStateTest.php" line="17" assertions="7" time="0.001596"/>
        <testcase name="testPlayerDraw" class="App\Game\GameStateTest" classname="App.Game.GameStateTest" file="/Users/jonatan/Desktop/BTH/dbwebb-kurser/mvc/me/report/tests/Game/GameStateTest.php" line="46" assertions="3" time="0.000398"/>
        <testcase name="testSetWinner" class="App\Game\GameStateTest" classname="App.Game.GameStateTest" file="/Users/jonatan/Desktop/BTH/dbwebb-kurser/mvc/me/report/tests/Game/GameStateTest.php" line="66" assertions="1" time="0.000307"/>
        <testcase name="testPlayerStop" class="App\Game\GameStateTest" classname="App.Game.GameStateTest" file="/Users/jonatan/Desktop/BTH/dbwebb-kurser/mvc/me/report/tests/Game/GameStateTest.php" line="79" assertions="1" time="0.000327"/>
        <testcase name="testSetScore" class="App\Game\GameStateTest" classname="App.Game.GameStateTest" file="/Users/jonatan/Desktop/BTH/dbwebb-kurser/mvc/me/report/tests/Game/GameStateTest.php" line="102" assertions="1" time="0.000293"/>
        <testcase name="testPlayerWin" class="App\Game\GameStateTest" classname="App.Game.GameStateTest" file="/Users/jonatan/Desktop/BTH/dbwebb-kurser/mvc/me/report/tests/Game/GameStateTest.php" line="114" assertions="2" time="0.000542"/>
        <testcase name="testEqualScore" class="App\Game\GameStateTest" classname="App.Game.GameStateTest" file="/Users/jonatan/Desktop/BTH/dbwebb-kurser/mvc/me/report/tests/Game/GameStateTest.php" line="131" assertions="2" time="0.000305"/>
        <testcase name="testBankHighScore" class="App\Game\GameStateTest" classname="App.Game.GameStateTest" file="/Users/jonatan/Desktop/BTH/dbwebb-kurser/mvc/me/report/tests/Game/GameStateTest.php" line="148" assertions="2" time="0.000302"/>
        <testcase name="testPlayerHighScore" class="App\Game\GameStateTest" classname="App.Game.GameStateTest" file="/Users/jonatan/Desktop/BTH/dbwebb-kurser/mvc/me/report/tests/Game/GameStateTest.php" line="165" assertions="2" time="0.000539"/>
        <testcase name="testPlayerDrawMany" class="App\Game\GameStateTest" classname="App.Game.GameStateTest" file="/Users/jonatan/Desktop/BTH/dbwebb-kurser/mvc/me/report/tests/Game/GameStateTest.php" line="182" assertions="2" time="0.000359"/>
      </testsuite>
      <testsuite name="App\Game\PlayerTest" file="/Users/jonatan/Desktop/BTH/dbwebb-kurser/mvc/me/report/tests/Game/PlayerTest.php" tests="2" assertions="5" errors="0" warnings="0" failures="0" skipped="0" time="0.000334">
        <testcase name="testCreatePlayer" class="App\Game\PlayerTest" classname="App.Game.PlayerTest" file="/Users/jonatan/Desktop/BTH/dbwebb-kurser/mvc/me/report/tests/Game/PlayerTest.php" line="16" assertions="3" time="0.000167"/>
        <testcase name="testAddCard" class="App\Game\PlayerTest" classname="App.Game.PlayerTest" file="/Users/jonatan/Desktop/BTH/dbwebb-kurser/mvc/me/report/tests/Game/PlayerTest.php" line="32" assertions="2" time="0.000167"/>
      </testsuite>
      <testsuite name="App\Proj\CardGraphicTest" file="/Users/jonatan/Desktop/BTH/dbwebb-kurser/mvc/me/report/tests/Proj/CardGraphicTest.php" tests="2" assertions="5" errors="0" warnings="0" failures="0" skipped="0" time="0.002670">
        <testcase name="testCreateCardGraphic" class="App\Proj\CardGraphicTest" classname="App.Proj.CardGraphicTest" file="/Users/jonatan/Desktop/BTH/dbwebb-kurser/mvc/me/report/tests/Proj/CardGraphicTest.php" line="16" assertions="4" time="0.002418"/>
        <testcase name="testToString" class="App\Proj\CardGraphicTest" classname="App.Proj.CardGraphicTest" file="/Users/jonatan/Desktop/BTH/dbwebb-kurser/mvc/me/report/tests/Proj/CardGraphicTest.php" line="35" assertions="1" time="0.000252"/>
      </testsuite>
      <testsuite name="App\Proj\CardTest" file="/Users/jonatan/Desktop/BTH/dbwebb-kurser/mvc/me/report/tests/Proj/CardTest.php" tests="2" assertions="5" errors="0" warnings="0" failures="0" skipped="0" time="0.000506">
        <testcase name="testCreateCard" class="App\Proj\CardTest" classname="App.Proj.CardTest" file="/Users/jonatan/Desktop/BTH/dbwebb-kurser/mvc/me/report/tests/Proj/CardTest.php" line="16" assertions="4" time="0.000241"/>
        <testcase name="testToString" class="App\Proj\CardTest" classname="App.Proj.CardTest" file="/Users/jonatan/Desktop/BTH/dbwebb-kurser/mvc/me/report/tests/Proj/CardTest.php" line="35" assertions="1" time="0.000265"/>
      </testsuite>
      <testsuite name="App\Proj\DeckTest" file="/Users/jonatan/Desktop/BTH/dbwebb-kurser/mvc/me/report/tests/Proj/DeckTest.php" tests="6" assertions="10" errors="0" warnings="0" failures="0" skipped="0" time="0.003009">
        <testcase name="testCreateDeck" class="App\Proj\DeckTest" classname="App.Proj.DeckTest" file="/Users/jonatan/Desktop/BTH/dbwebb-kurser/mvc/me/report/tests/Proj/DeckTest.php" line="19" assertions="2" time="0.000952"/>
        <testcase name="testCreateDeckGraphic" class="App\Proj\DeckTest" classname="App.Proj.DeckTest" file="/Users/jonatan/Desktop/BTH/dbwebb-kurser/mvc/me/report/tests/Proj/DeckTest.php" line="30" assertions="2" time="0.000459"/>
        <testcase name="testShuffle" class="App\Proj\DeckTest" classname="App.Proj.DeckTest" file="/Users/jonatan/Desktop/BTH/dbwebb-kurser/mvc/me/report/tests/Proj/DeckTest.php" line="38" assertions="2" time="0.000510"/>
        <testcase name="testDrawValid" class="App\Proj\DeckTest" classname="App.Proj.DeckTest" file="/Users/jonatan/Desktop/BTH/dbwebb-kurser/mvc/me/report/tests/Proj/DeckTest.php" line="64" assertions="2" time="0.000328"/>
        <testcase name="testDrawException" class="App\Proj\DeckTest" classname="App.Proj.DeckTest" file="/Users/jonatan/Desktop/BTH/dbwebb-kurser/mvc/me/report/tests/Proj/DeckTest.php" line="79" assertions="1" time="0.000380"/>
        <testcase name="testToString" class="App\Proj\DeckTest" classname="App.Proj.DeckTest" file="/Users/jonatan/Desktop/BTH/dbwebb-kurser/mvc/me/report/tests/Proj/DeckTest.php" line="92" assertions="1" time="0.000380"/>
      </testsuite>
      <testsuite name="App\Proj\EvaluatorTest" file="/Users/jonatan/Desktop/BTH/dbwebb-kurser/mvc/me/report/tests/Proj/EvaluatorTest.php" tests="29" assertions="113" errors="0" warnings="0" failures="0" skipped="0" time="0.016907">
        <testcase name="testRoyalFlush" class="App\Proj\EvaluatorTest" classname="App.Proj.EvaluatorTest" file="/Users/jonatan/Desktop/BTH/dbwebb-kurser/mvc/me/report/tests/Proj/EvaluatorTest.php" line="18" assertions="12" time="0.001994"/>
        <testcase name="testStraightFlush" class="App\Proj\EvaluatorTest" classname="App.Proj.EvaluatorTest" file="/Users/jonatan/Desktop/BTH/dbwebb-kurser/mvc/me/report/tests/Proj/EvaluatorTest.php" line="49" assertions="12" time="0.000395"/>
        <testcase name="testFourOfAKind" class="App\Proj\EvaluatorTest" classname="App.Proj.EvaluatorTest" file="/Users/jonatan/Desktop/BTH/dbwebb-kurser/mvc/me/report/tests/Proj/EvaluatorTest.php" line="80" assertions="6" time="0.000294"/>
        <testcase name="testFullHouse" class="App\Proj\EvaluatorTest" classname="App.Proj.EvaluatorTest" file="/Users/jonatan/Desktop/BTH/dbwebb-kurser/mvc/me/report/tests/Proj/EvaluatorTest.php" line="110" assertions="7" time="0.000262"/>
        <testcase name="testFlush" class="App\Proj\EvaluatorTest" classname="App.Proj.EvaluatorTest" file="/Users/jonatan/Desktop/BTH/dbwebb-kurser/mvc/me/report/tests/Proj/EvaluatorTest.php" line="143" assertions="6" time="0.000267"/>
        <testcase name="testStraight" class="App\Proj\EvaluatorTest" classname="App.Proj.EvaluatorTest" file="/Users/jonatan/Desktop/BTH/dbwebb-kurser/mvc/me/report/tests/Proj/EvaluatorTest.php" line="173" assertions="6" time="0.000267"/>
        <testcase name="testThreeOfAKind" class="App\Proj\EvaluatorTest" classname="App.Proj.EvaluatorTest" file="/Users/jonatan/Desktop/BTH/dbwebb-kurser/mvc/me/report/tests/Proj/EvaluatorTest.php" line="203" assertions="4" time="0.000261"/>
        <testcase name="testTwoPair" class="App\Proj\EvaluatorTest" classname="App.Proj.EvaluatorTest" file="/Users/jonatan/Desktop/BTH/dbwebb-kurser/mvc/me/report/tests/Proj/EvaluatorTest.php" line="233" assertions="6" time="0.000271"/>
        <testcase name="testPair" class="App\Proj\EvaluatorTest" classname="App.Proj.EvaluatorTest" file="/Users/jonatan/Desktop/BTH/dbwebb-kurser/mvc/me/report/tests/Proj/EvaluatorTest.php" line="264" assertions="4" time="0.000267"/>
        <testcase name="testHighCard" class="App\Proj\EvaluatorTest" classname="App.Proj.EvaluatorTest" file="/Users/jonatan/Desktop/BTH/dbwebb-kurser/mvc/me/report/tests/Proj/EvaluatorTest.php" line="293" assertions="3" time="0.000280"/>
        <testcase name="testEvaluateWinnersRoyalFlushNoTie" class="App\Proj\EvaluatorTest" classname="App.Proj.EvaluatorTest" file="/Users/jonatan/Desktop/BTH/dbwebb-kurser/mvc/me/report/tests/Proj/EvaluatorTest.php" line="338" assertions="2" time="0.002644"/>
        <testcase name="testEvaluateWinnersRoyalFlushWithTie" class="App\Proj\EvaluatorTest" classname="App.Proj.EvaluatorTest" file="/Users/jonatan/Desktop/BTH/dbwebb-kurser/mvc/me/report/tests/Proj/EvaluatorTest.php" line="356" assertions="3" time="0.000516"/>
        <testcase name="testEvaluateWinnersStraightNoTie" class="App\Proj\EvaluatorTest" classname="App.Proj.EvaluatorTest" file="/Users/jonatan/Desktop/BTH/dbwebb-kurser/mvc/me/report/tests/Proj/EvaluatorTest.php" line="376" assertions="2" time="0.000491"/>
        <testcase name="testEvaluateWinnersStraightWithTie" class="App\Proj\EvaluatorTest" classname="App.Proj.EvaluatorTest" file="/Users/jonatan/Desktop/BTH/dbwebb-kurser/mvc/me/report/tests/Proj/EvaluatorTest.php" line="394" assertions="3" time="0.000468"/>
        <testcase name="testEvaluateWinnersFourOfAKindNoTie" class="App\Proj\EvaluatorTest" classname="App.Proj.EvaluatorTest" file="/Users/jonatan/Desktop/BTH/dbwebb-kurser/mvc/me/report/tests/Proj/EvaluatorTest.php" line="413" assertions="2" time="0.000468"/>
        <testcase name="testEvaluateWinnersFourOfAKindWithTie" class="App\Proj\EvaluatorTest" classname="App.Proj.EvaluatorTest" file="/Users/jonatan/Desktop/BTH/dbwebb-kurser/mvc/me/report/tests/Proj/EvaluatorTest.php" line="431" assertions="3" time="0.000484"/>
        <testcase name="testEvaluateWinnersFullHouseNoTie" class="App\Proj\EvaluatorTest" classname="App.Proj.EvaluatorTest" file="/Users/jonatan/Desktop/BTH/dbwebb-kurser/mvc/me/report/tests/Proj/EvaluatorTest.php" line="450" assertions="2" time="0.000477"/>
        <testcase name="testEvaluateWinnersFullHouseWithTie" class="App\Proj\EvaluatorTest" classname="App.Proj.EvaluatorTest" file="/Users/jonatan/Desktop/BTH/dbwebb-kurser/mvc/me/report/tests/Proj/EvaluatorTest.php" line="468" assertions="3" time="0.000421"/>
        <testcase name="testEvaluateWinnersFlushNoTie" class="App\Proj\EvaluatorTest" classname="App.Proj.EvaluatorTest" file="/Users/jonatan/Desktop/BTH/dbwebb-kurser/mvc/me/report/tests/Proj/EvaluatorTest.php" line="487" assertions="2" time="0.000666"/>
        <testcase name="testEvaluateWinnersFlushWithTie" class="App\Proj\EvaluatorTest" classname="App.Proj.EvaluatorTest" file="/Users/jonatan/Desktop/BTH/dbwebb-kurser/mvc/me/report/tests/Proj/EvaluatorTest.php" line="505" assertions="3" time="0.000516"/>
        <testcase name="testEvaluateWinnersThreeOfAKindNoTie" class="App\Proj\EvaluatorTest" classname="App.Proj.EvaluatorTest" file="/Users/jonatan/Desktop/BTH/dbwebb-kurser/mvc/me/report/tests/Proj/EvaluatorTest.php" line="524" assertions="2" time="0.000506"/>
        <testcase name="testEvaluateWinnersThreeOfAKindWithTie" class="App\Proj\EvaluatorTest" classname="App.Proj.EvaluatorTest" file="/Users/jonatan/Desktop/BTH/dbwebb-kurser/mvc/me/report/tests/Proj/EvaluatorTest.php" line="542" assertions="3" time="0.000493"/>
        <testcase name="testEvaluateWinnersTwoPairNoTie" class="App\Proj\EvaluatorTest" classname="App.Proj.EvaluatorTest" file="/Users/jonatan/Desktop/BTH/dbwebb-kurser/mvc/me/report/tests/Proj/EvaluatorTest.php" line="561" assertions="2" time="0.000497"/>
        <testcase name="testEvaluateWinnersTwoPairNoTie2" class="App\Proj\EvaluatorTest" classname="App.Proj.EvaluatorTest" file="/Users/jonatan/Desktop/BTH/dbwebb-kurser/mvc/me/report/tests/Proj/EvaluatorTest.php" line="579" assertions="2" time="0.000490"/>
        <testcase name="testEvaluateWinnersTwoPairWithTie" class="App\Proj\EvaluatorTest" classname="App.Proj.EvaluatorTest" file="/Users/jonatan/Desktop/BTH/dbwebb-kurser/mvc/me/report/tests/Proj/EvaluatorTest.php" line="597" assertions="3" time="0.000505"/>
        <testcase name="testEvaluateWinnersPairNoTie" class="App\Proj\EvaluatorTest" classname="App.Proj.EvaluatorTest" file="/Users/jonatan/Desktop/BTH/dbwebb-kurser/mvc/me/report/tests/Proj/EvaluatorTest.php" line="616" assertions="2" time="0.000512"/>
        <testcase name="testEvaluateWinnersPairWithTie" class="App\Proj\EvaluatorTest" classname="App.Proj.EvaluatorTest" file="/Users/jonatan/Desktop/BTH/dbwebb-kurser/mvc/me/report/tests/Proj/EvaluatorTest.php" line="634" assertions="3" time="0.000497"/>
        <testcase name="testEvaluateWinnersHighCardNoTie" class="App\Proj\EvaluatorTest" classname="App.Proj.EvaluatorTest" file="/Users/jonatan/Desktop/BTH/dbwebb-kurser/mvc/me/report/tests/Proj/EvaluatorTest.php" line="653" assertions="2" time="0.000815"/>
        <testcase name="testEvaluateWinnersHighCardWithTie" class="App\Proj\EvaluatorTest" classname="App.Proj.EvaluatorTest" file="/Users/jonatan/Desktop/BTH/dbwebb-kurser/mvc/me/report/tests/Proj/EvaluatorTest.php" line="671" assertions="3" time="0.000883"/>
      </testsuite>
      <testsuite name="App\Proj\GameTest" file="/Users/jonatan/Desktop/BTH/dbwebb-kurser/mvc/me/report/tests/Proj/GameTest.php" tests="15" assertions="92" errors="0" warnings="0" failures="0" skipped="0" time="0.046836">
        <testcase name="testCreateGame" class="App\Proj\GameTest" classname="App.Proj.GameTest" file="/Users/jonatan/Desktop/BTH/dbwebb-kurser/mvc/me/report/tests/Proj/GameTest.php" line="21" assertions="26" time="0.005754"/>
        <testcase name="testUpdateGameState" class="App\Proj\GameTest" classname="App.Proj.GameTest" file="/Users/jonatan/Desktop/BTH/dbwebb-kurser/mvc/me/report/tests/Proj/GameTest.php" line="82" assertions="4" time="0.001541"/>
        <testcase name="testBasicComputerWithBet" class="App\Proj\GameTest" classname="App.Proj.GameTest" file="/Users/jonatan/Desktop/BTH/dbwebb-kurser/mvc/me/report/tests/Proj/GameTest.php" line="104" assertions="4" time="0.000439"/>
        <testcase name="testBasicComputerAllIn" class="App\Proj\GameTest" classname="App.Proj.GameTest" file="/Users/jonatan/Desktop/BTH/dbwebb-kurser/mvc/me/report/tests/Proj/GameTest.php" line="126" assertions="1" time="0.000417"/>
        <testcase name="testPlayThroughSmartManyTimes" class="App\Proj\GameTest" classname="App.Proj.GameTest" file="/Users/jonatan/Desktop/BTH/dbwebb-kurser/mvc/me/report/tests/Proj/GameTest.php" line="143" assertions="10" time="0.031670"/>
        <testcase name="testPlayThroughSmart" class="App\Proj\GameTest" classname="App.Proj.GameTest" file="/Users/jonatan/Desktop/BTH/dbwebb-kurser/mvc/me/report/tests/Proj/GameTest.php" line="171" assertions="7" time="0.003044"/>
        <testcase name="testSmartComputerAllIn" class="App\Proj\GameTest" classname="App.Proj.GameTest" file="/Users/jonatan/Desktop/BTH/dbwebb-kurser/mvc/me/report/tests/Proj/GameTest.php" line="201" assertions="1" time="0.000469"/>
        <testcase name="testAllPlayed" class="App\Proj\GameTest" classname="App.Proj.GameTest" file="/Users/jonatan/Desktop/BTH/dbwebb-kurser/mvc/me/report/tests/Proj/GameTest.php" line="218" assertions="1" time="0.000365"/>
        <testcase name="testPlayerFold" class="App\Proj\GameTest" classname="App.Proj.GameTest" file="/Users/jonatan/Desktop/BTH/dbwebb-kurser/mvc/me/report/tests/Proj/GameTest.php" line="231" assertions="5" time="0.000401"/>
        <testcase name="testPlayerCall" class="App\Proj\GameTest" classname="App.Proj.GameTest" file="/Users/jonatan/Desktop/BTH/dbwebb-kurser/mvc/me/report/tests/Proj/GameTest.php" line="253" assertions="7" time="0.000521"/>
        <testcase name="testPlayerCallAllIn" class="App\Proj\GameTest" classname="App.Proj.GameTest" file="/Users/jonatan/Desktop/BTH/dbwebb-kurser/mvc/me/report/tests/Proj/GameTest.php" line="277" assertions="7" time="0.000545"/>
        <testcase name="testPlayerRaise" class="App\Proj\GameTest" classname="App.Proj.GameTest" file="/Users/jonatan/Desktop/BTH/dbwebb-kurser/mvc/me/report/tests/Proj/GameTest.php" line="302" assertions="7" time="0.000462"/>
        <testcase name="testPlayerRaiseAllIn" class="App\Proj\GameTest" classname="App.Proj.GameTest" file="/Users/jonatan/Desktop/BTH/dbwebb-kurser/mvc/me/report/tests/Proj/GameTest.php" line="327" assertions="7" time="0.000425"/>
        <testcase name="testPlayerCheck" class="App\Proj\GameTest" classname="App.Proj.GameTest" file="/Users/jonatan/Desktop/BTH/dbwebb-kurser/mvc/me/report/tests/Proj/GameTest.php" line="351" assertions="4" time="0.000407"/>
        <testcase name="testCanCheck" class="App\Proj\GameTest" classname="App.Proj.GameTest" file="/Users/jonatan/Desktop/BTH/dbwebb-kurser/mvc/me/report/tests/Proj/GameTest.php" line="372" assertions="1" time="0.000376"/>
      </testsuite>
      <testsuite name="App\Proj\CardHandTest" file="/Users/jonatan/Desktop/BTH/dbwebb-kurser/mvc/me/report/tests/Proj/HandTest.php" tests="4" assertions="6" errors="0" warnings="0" failures="0" skipped="0" time="0.000656">
        <testcase name="testCreateHand" class="App\Proj\CardHandTest" classname="App.Proj.CardHandTest" file="/Users/jonatan/Desktop/BTH/dbwebb-kurser/mvc/me/report/tests/Proj/HandTest.php" line="16" assertions="2" time="0.000162"/>
        <testcase name="testAddingCard" class="App\Proj\CardHandTest" classname="App.Proj.CardHandTest" file="/Users/jonatan/Desktop/BTH/dbwebb-kurser/mvc/me/report/tests/Proj/HandTest.php" line="27" assertions="2" time="0.000166"/>
        <testcase name="testRemovingCard" class="App\Proj\CardHandTest" classname="App.Proj.CardHandTest" file="/Users/jonatan/Desktop/BTH/dbwebb-kurser/mvc/me/report/tests/Proj/HandTest.php" line="44" assertions="1" time="0.000167"/>
        <testcase name="testToString" class="App\Proj\CardHandTest" classname="App.Proj.CardHandTest" file="/Users/jonatan/Desktop/BTH/dbwebb-kurser/mvc/me/report/tests/Proj/HandTest.php" line="58" assertions="1" time="0.000161"/>
      </testsuite>
      <testsuite name="App\Proj\PlayerTest" file="/Users/jonatan/Desktop/BTH/dbwebb-kurser/mvc/me/report/tests/Proj/PlayerTest.php" tests="6" assertions="32" errors="0" warnings="0" failures="0" skipped="0" time="0.001069">
        <testcase name="testCreatePlayer" class="App\Proj\PlayerTest" classname="App.Proj.PlayerTest" file="/Users/jonatan/Desktop/BTH/dbwebb-kurser/mvc/me/report/tests/Proj/PlayerTest.php" line="16" assertions="12" time="0.000202"/>
        <testcase name="testAddCard" class="App\Proj\PlayerTest" classname="App.Proj.PlayerTest" file="/Users/jonatan/Desktop/BTH/dbwebb-kurser/mvc/me/report/tests/Proj/PlayerTest.php" line="64" assertions="2" time="0.000172"/>
        <testcase name="testSetters" class="App\Proj\PlayerTest" classname="App.Proj.PlayerTest" file="/Users/jonatan/Desktop/BTH/dbwebb-kurser/mvc/me/report/tests/Proj/PlayerTest.php" line="79" assertions="10" time="0.000199"/>
        <testcase name="testMakeBetValid" class="App\Proj\PlayerTest" classname="App.Proj.PlayerTest" file="/Users/jonatan/Desktop/BTH/dbwebb-kurser/mvc/me/report/tests/Proj/PlayerTest.php" line="141" assertions="1" time="0.000154"/>
        <testcase name="testMakeBetInvalid" class="App\Proj\PlayerTest" classname="App.Proj.PlayerTest" file="/Users/jonatan/Desktop/BTH/dbwebb-kurser/mvc/me/report/tests/Proj/PlayerTest.php" line="150" assertions="1" time="0.000150"/>
        <testcase name="testNewRound" class="App\Proj\PlayerTest" classname="App.Proj.PlayerTest" file="/Users/jonatan/Desktop/BTH/dbwebb-kurser/mvc/me/report/tests/Proj/PlayerTest.php" line="159" assertions="6" time="0.000193"/>
      </testsuite>
    </testsuite>
  </testsuite>
</testsuites>
