<?xml version="1.0" encoding="UTF-8"?>
<testsuites>
  <testsuite name="" tests="26" assertions="54" errors="0" warnings="0" failures="0" skipped="0" time="0.016418">
    <testsuite name="Project Test Suite" tests="26" assertions="54" errors="0" warnings="0" failures="0" skipped="0" time="0.016418">
      <testsuite name="App\Card\CardGraphicTest" file="/Users/jonatan/Desktop/BTH/dbwebb-kurser/mvc/me/report/tests/Card/CardGraphicTest.php" tests="2" assertions="4" errors="0" warnings="0" failures="0" skipped="0" time="0.005566">
        <testcase name="testCreateCardGraphic" class="App\Card\CardGraphicTest" classname="App.Card.CardGraphicTest" file="/Users/jonatan/Desktop/BTH/dbwebb-kurser/mvc/me/report/tests/Card/CardGraphicTest.php" line="16" assertions="3" time="0.005341"/>
        <testcase name="testToString" class="App\Card\CardGraphicTest" classname="App.Card.CardGraphicTest" file="/Users/jonatan/Desktop/BTH/dbwebb-kurser/mvc/me/report/tests/Card/CardGraphicTest.php" line="32" assertions="1" time="0.000225"/>
      </testsuite>
      <testsuite name="App\Card\CardHandTest" file="/Users/jonatan/Desktop/BTH/dbwebb-kurser/mvc/me/report/tests/Card/CardHandTest.php" tests="4" assertions="6" errors="0" warnings="0" failures="0" skipped="0" time="0.001422">
        <testcase name="testCreateHand" class="App\Card\CardHandTest" classname="App.Card.CardHandTest" file="/Users/jonatan/Desktop/BTH/dbwebb-kurser/mvc/me/report/tests/Card/CardHandTest.php" line="16" assertions="2" time="0.000864"/>
        <testcase name="testAddingCard" class="App\Card\CardHandTest" classname="App.Card.CardHandTest" file="/Users/jonatan/Desktop/BTH/dbwebb-kurser/mvc/me/report/tests/Card/CardHandTest.php" line="27" assertions="2" time="0.000204"/>
        <testcase name="testRemovingCard" class="App\Card\CardHandTest" classname="App.Card.CardHandTest" file="/Users/jonatan/Desktop/BTH/dbwebb-kurser/mvc/me/report/tests/Card/CardHandTest.php" line="44" assertions="1" time="0.000180"/>
        <testcase name="testToString" class="App\Card\CardHandTest" classname="App.Card.CardHandTest" file="/Users/jonatan/Desktop/BTH/dbwebb-kurser/mvc/me/report/tests/Card/CardHandTest.php" line="58" assertions="1" time="0.000174"/>
      </testsuite>
      <testsuite name="App\Card\CardTest" file="/Users/jonatan/Desktop/BTH/dbwebb-kurser/mvc/me/report/tests/Card/CardTest.php" tests="2" assertions="4" errors="0" warnings="0" failures="0" skipped="0" time="0.000335">
        <testcase name="testCreateCard" class="App\Card\CardTest" classname="App.Card.CardTest" file="/Users/jonatan/Desktop/BTH/dbwebb-kurser/mvc/me/report/tests/Card/CardTest.php" line="16" assertions="3" time="0.000167"/>
        <testcase name="testToString" class="App\Card\CardTest" classname="App.Card.CardTest" file="/Users/jonatan/Desktop/BTH/dbwebb-kurser/mvc/me/report/tests/Card/CardTest.php" line="32" assertions="1" time="0.000168"/>
      </testsuite>
      <testsuite name="App\Card\DeckOfCardsTest" file="/Users/jonatan/Desktop/BTH/dbwebb-kurser/mvc/me/report/tests/Card/DeckOfCardsTest.php" tests="6" assertions="12" errors="0" warnings="0" failures="0" skipped="0" time="0.004239">
        <testcase name="testCreateDeckOfCards" class="App\Card\DeckOfCardsTest" classname="App.Card.DeckOfCardsTest" file="/Users/jonatan/Desktop/BTH/dbwebb-kurser/mvc/me/report/tests/Card/DeckOfCardsTest.php" line="19" assertions="2" time="0.001552"/>
        <testcase name="testDrawValid" class="App\Card\DeckOfCardsTest" classname="App.Card.DeckOfCardsTest" file="/Users/jonatan/Desktop/BTH/dbwebb-kurser/mvc/me/report/tests/Card/DeckOfCardsTest.php" line="30" assertions="2" time="0.000312"/>
        <testcase name="testDrawException" class="App\Card\DeckOfCardsTest" classname="App.Card.DeckOfCardsTest" file="/Users/jonatan/Desktop/BTH/dbwebb-kurser/mvc/me/report/tests/Card/DeckOfCardsTest.php" line="45" assertions="1" time="0.001041"/>
        <testcase name="testSort" class="App\Card\DeckOfCardsTest" classname="App.Card.DeckOfCardsTest" file="/Users/jonatan/Desktop/BTH/dbwebb-kurser/mvc/me/report/tests/Card/DeckOfCardsTest.php" line="58" assertions="2" time="0.000790"/>
        <testcase name="testDrawMultiple" class="App\Card\DeckOfCardsTest" classname="App.Card.DeckOfCardsTest" file="/Users/jonatan/Desktop/BTH/dbwebb-kurser/mvc/me/report/tests/Card/DeckOfCardsTest.php" line="74" assertions="4" time="0.000257"/>
        <testcase name="testToString" class="App\Card\DeckOfCardsTest" classname="App.Card.DeckOfCardsTest" file="/Users/jonatan/Desktop/BTH/dbwebb-kurser/mvc/me/report/tests/Card/DeckOfCardsTest.php" line="97" assertions="1" time="0.000288"/>
      </testsuite>
      <testsuite name="App\Game\GameStateTest" file="/Users/jonatan/Desktop/BTH/dbwebb-kurser/mvc/me/report/tests/Game/GameStateTest.php" tests="10" assertions="23" errors="0" warnings="0" failures="0" skipped="0" time="0.004524">
        <testcase name="testCreateGameState" class="App\Game\GameStateTest" classname="App.Game.GameStateTest" file="/Users/jonatan/Desktop/BTH/dbwebb-kurser/mvc/me/report/tests/Game/GameStateTest.php" line="17" assertions="7" time="0.001472"/>
        <testcase name="testPlayerDraw" class="App\Game\GameStateTest" classname="App.Game.GameStateTest" file="/Users/jonatan/Desktop/BTH/dbwebb-kurser/mvc/me/report/tests/Game/GameStateTest.php" line="46" assertions="3" time="0.000395"/>
        <testcase name="testSetWinner" class="App\Game\GameStateTest" classname="App.Game.GameStateTest" file="/Users/jonatan/Desktop/BTH/dbwebb-kurser/mvc/me/report/tests/Game/GameStateTest.php" line="66" assertions="1" time="0.000295"/>
        <testcase name="testPlayerStop" class="App\Game\GameStateTest" classname="App.Game.GameStateTest" file="/Users/jonatan/Desktop/BTH/dbwebb-kurser/mvc/me/report/tests/Game/GameStateTest.php" line="79" assertions="1" time="0.000319"/>
        <testcase name="testSetScore" class="App\Game\GameStateTest" classname="App.Game.GameStateTest" file="/Users/jonatan/Desktop/BTH/dbwebb-kurser/mvc/me/report/tests/Game/GameStateTest.php" line="102" assertions="1" time="0.000286"/>
        <testcase name="testPlayerWin" class="App\Game\GameStateTest" classname="App.Game.GameStateTest" file="/Users/jonatan/Desktop/BTH/dbwebb-kurser/mvc/me/report/tests/Game/GameStateTest.php" line="114" assertions="2" time="0.000551"/>
        <testcase name="testEqualScore" class="App\Game\GameStateTest" classname="App.Game.GameStateTest" file="/Users/jonatan/Desktop/BTH/dbwebb-kurser/mvc/me/report/tests/Game/GameStateTest.php" line="131" assertions="2" time="0.000308"/>
        <testcase name="testBankHighScore" class="App\Game\GameStateTest" classname="App.Game.GameStateTest" file="/Users/jonatan/Desktop/BTH/dbwebb-kurser/mvc/me/report/tests/Game/GameStateTest.php" line="148" assertions="2" time="0.000295"/>
        <testcase name="testPlayerHighScore" class="App\Game\GameStateTest" classname="App.Game.GameStateTest" file="/Users/jonatan/Desktop/BTH/dbwebb-kurser/mvc/me/report/tests/Game/GameStateTest.php" line="165" assertions="2" time="0.000296"/>
        <testcase name="testPlayerDrawMany" class="App\Game\GameStateTest" classname="App.Game.GameStateTest" file="/Users/jonatan/Desktop/BTH/dbwebb-kurser/mvc/me/report/tests/Game/GameStateTest.php" line="182" assertions="2" time="0.000308"/>
      </testsuite>
      <testsuite name="App\Game\PlayerTest" file="/Users/jonatan/Desktop/BTH/dbwebb-kurser/mvc/me/report/tests/Game/PlayerTest.php" tests="2" assertions="5" errors="0" warnings="0" failures="0" skipped="0" time="0.000333">
        <testcase name="testCreatePlayer" class="App\Game\PlayerTest" classname="App.Game.PlayerTest" file="/Users/jonatan/Desktop/BTH/dbwebb-kurser/mvc/me/report/tests/Game/PlayerTest.php" line="16" assertions="3" time="0.000167"/>
        <testcase name="testAddCard" class="App\Game\PlayerTest" classname="App.Game.PlayerTest" file="/Users/jonatan/Desktop/BTH/dbwebb-kurser/mvc/me/report/tests/Game/PlayerTest.php" line="32" assertions="2" time="0.000166"/>
      </testsuite>
    </testsuite>
  </testsuite>
</testsuites>
