<?xml version="1.0" encoding="UTF-8"?>
<testsuites>
  <testsuite name="" tests="91" assertions="323" errors="0" warnings="0" failures="0" skipped="0" time="0.079723">
    <testsuite name="Project Test Suite" tests="91" assertions="323" errors="0" warnings="0" failures="0" skipped="0" time="0.079723">
      <testsuite name="App\Card\CardGraphicTest" file="/Users/jonatan/Desktop/BTH/dbwebb-kurser/mvc/me/report/tests/Card/CardGraphicTest.php" tests="2" assertions="4" errors="0" warnings="0" failures="0" skipped="0" time="0.005281">
        <testcase name="testCreateCardGraphic" class="App\Card\CardGraphicTest" classname="App.Card.CardGraphicTest" file="/Users/jonatan/Desktop/BTH/dbwebb-kurser/mvc/me/report/tests/Card/CardGraphicTest.php" line="16" assertions="3" time="0.005060"/>
        <testcase name="testToString" class="App\Card\CardGraphicTest" classname="App.Card.CardGraphicTest" file="/Users/jonatan/Desktop/BTH/dbwebb-kurser/mvc/me/report/tests/Card/CardGraphicTest.php" line="32" assertions="1" time="0.000221"/>
      </testsuite>
      <testsuite name="App\Card\CardHandTest" file="/Users/jonatan/Desktop/BTH/dbwebb-kurser/mvc/me/report/tests/Card/CardHandTest.php" tests="4" assertions="6" errors="0" warnings="0" failures="0" skipped="0" time="0.001296">
        <testcase name="testCreateHand" class="App\Card\CardHandTest" classname="App.Card.CardHandTest" file="/Users/jonatan/Desktop/BTH/dbwebb-kurser/mvc/me/report/tests/Card/CardHandTest.php" line="16" assertions="2" time="0.000758"/>
        <testcase name="testAddingCard" class="App\Card\CardHandTest" classname="App.Card.CardHandTest" file="/Users/jonatan/Desktop/BTH/dbwebb-kurser/mvc/me/report/tests/Card/CardHandTest.php" line="27" assertions="2" time="0.000194"/>
        <testcase name="testRemovingCard" class="App\Card\CardHandTest" classname="App.Card.CardHandTest" file="/Users/jonatan/Desktop/BTH/dbwebb-kurser/mvc/me/report/tests/Card/CardHandTest.php" line="44" assertions="1" time="0.000176"/>
        <testcase name="testToString" class="App\Card\CardHandTest" classname="App.Card.CardHandTest" file="/Users/jonatan/Desktop/BTH/dbwebb-kurser/mvc/me/report/tests/Card/CardHandTest.php" line="58" assertions="1" time="0.000168"/>
      </testsuite>
      <testsuite name="App\Card\CardTest" file="/Users/jonatan/Desktop/BTH/dbwebb-kurser/mvc/me/report/tests/Card/CardTest.php" tests="2" assertions="4" errors="0" warnings="0" failures="0" skipped="0" time="0.000358">
        <testcase name="testCreateCard" class="App\Card\CardTest" classname="App.Card.CardTest" file="/Users/jonatan/Desktop/BTH/dbwebb-kurser/mvc/me/report/tests/Card/CardTest.php" line="16" assertions="3" time="0.000158"/>
        <testcase name="testToString" class="App\Card\CardTest" classname="App.Card.CardTest" file="/Users/jonatan/Desktop/BTH/dbwebb-kurser/mvc/me/report/tests/Card/CardTest.php" line="32" assertions="1" time="0.000200"/>
      </testsuite>
      <testsuite name="App\Card\DeckOfCardsTest" file="/Users/jonatan/Desktop/BTH/dbwebb-kurser/mvc/me/report/tests/Card/DeckOfCardsTest.php" tests="6" assertions="12" errors="0" warnings="0" failures="0" skipped="0" time="0.004091">
        <testcase name="testCreateDeckOfCards" class="App\Card\DeckOfCardsTest" classname="App.Card.DeckOfCardsTest" file="/Users/jonatan/Desktop/BTH/dbwebb-kurser/mvc/me/report/tests/Card/DeckOfCardsTest.php" line="19" assertions="2" time="0.001460"/>
        <testcase name="testDrawValid" class="App\Card\DeckOfCardsTest" classname="App.Card.DeckOfCardsTest" file="/Users/jonatan/Desktop/BTH/dbwebb-kurser/mvc/me/report/tests/Card/DeckOfCardsTest.php" line="30" assertions="2" time="0.000287"/>
        <testcase name="testDrawException" class="App\Card\DeckOfCardsTest" classname="App.Card.DeckOfCardsTest" file="/Users/jonatan/Desktop/BTH/dbwebb-kurser/mvc/me/report/tests/Card/DeckOfCardsTest.php" line="45" assertions="1" time="0.001029"/>
        <testcase name="testSort" class="App\Card\DeckOfCardsTest" classname="App.Card.DeckOfCardsTest" file="/Users/jonatan/Desktop/BTH/dbwebb-kurser/mvc/me/report/tests/Card/DeckOfCardsTest.php" line="58" assertions="2" time="0.000784"/>
        <testcase name="testDrawMultiple" class="App\Card\DeckOfCardsTest" classname="App.Card.DeckOfCardsTest" file="/Users/jonatan/Desktop/BTH/dbwebb-kurser/mvc/me/report/tests/Card/DeckOfCardsTest.php" line="74" assertions="4" time="0.000252"/>
        <testcase name="testToString" class="App\Card\DeckOfCardsTest" classname="App.Card.DeckOfCardsTest" file="/Users/jonatan/Desktop/BTH/dbwebb-kurser/mvc/me/report/tests/Card/DeckOfCardsTest.php" line="97" assertions="1" time="0.000280"/>
      </testsuite>
      <testsuite name="App\Entity\EntityTest" file="/Users/jonatan/Desktop/BTH/dbwebb-kurser/mvc/me/report/tests/Entity/LibraryTest.php" tests="1" assertions="6" errors="0" warnings="0" failures="0" skipped="0" time="0.000468">
        <testcase name="testLibrary" class="App\Entity\EntityTest" classname="App.Entity.EntityTest" file="/Users/jonatan/Desktop/BTH/dbwebb-kurser/mvc/me/report/tests/Entity/LibraryTest.php" line="17" assertions="6" time="0.000468"/>
      </testsuite>
      <testsuite name="App\Game\GameStateTest" file="/Users/jonatan/Desktop/BTH/dbwebb-kurser/mvc/me/report/tests/Game/GameStateTest.php" tests="10" assertions="23" errors="0" warnings="0" failures="0" skipped="0" time="0.004240">
        <testcase name="testCreateGameState" class="App\Game\GameStateTest" classname="App.Game.GameStateTest" file="/Users/jonatan/Desktop/BTH/dbwebb-kurser/mvc/me/report/tests/Game/GameStateTest.php" line="17" assertions="7" time="0.001145"/>
        <testcase name="testPlayerDraw" class="App\Game\GameStateTest" classname="App.Game.GameStateTest" file="/Users/jonatan/Desktop/BTH/dbwebb-kurser/mvc/me/report/tests/Game/GameStateTest.php" line="46" assertions="3" time="0.000356"/>
        <testcase name="testSetWinner" class="App\Game\GameStateTest" classname="App.Game.GameStateTest" file="/Users/jonatan/Desktop/BTH/dbwebb-kurser/mvc/me/report/tests/Game/GameStateTest.php" line="66" assertions="1" time="0.000293"/>
        <testcase name="testPlayerStop" class="App\Game\GameStateTest" classname="App.Game.GameStateTest" file="/Users/jonatan/Desktop/BTH/dbwebb-kurser/mvc/me/report/tests/Game/GameStateTest.php" line="79" assertions="1" time="0.000349"/>
        <testcase name="testSetScore" class="App\Game\GameStateTest" classname="App.Game.GameStateTest" file="/Users/jonatan/Desktop/BTH/dbwebb-kurser/mvc/me/report/tests/Game/GameStateTest.php" line="102" assertions="1" time="0.000297"/>
        <testcase name="testPlayerWin" class="App\Game\GameStateTest" classname="App.Game.GameStateTest" file="/Users/jonatan/Desktop/BTH/dbwebb-kurser/mvc/me/report/tests/Game/GameStateTest.php" line="114" assertions="2" time="0.000518"/>
        <testcase name="testEqualScore" class="App\Game\GameStateTest" classname="App.Game.GameStateTest" file="/Users/jonatan/Desktop/BTH/dbwebb-kurser/mvc/me/report/tests/Game/GameStateTest.php" line="131" assertions="2" time="0.000318"/>
        <testcase name="testBankHighScore" class="App\Game\GameStateTest" classname="App.Game.GameStateTest" file="/Users/jonatan/Desktop/BTH/dbwebb-kurser/mvc/me/report/tests/Game/GameStateTest.php" line="148" assertions="2" time="0.000342"/>
        <testcase name="testPlayerHighScore" class="App\Game\GameStateTest" classname="App.Game.GameStateTest" file="/Users/jonatan/Desktop/BTH/dbwebb-kurser/mvc/me/report/tests/Game/GameStateTest.php" line="165" assertions="2" time="0.000311"/>
        <testcase name="testPlayerDrawMany" class="App\Game\GameStateTest" classname="App.Game.GameStateTest" file="/Users/jonatan/Desktop/BTH/dbwebb-kurser/mvc/me/report/tests/Game/GameStateTest.php" line="182" assertions="2" time="0.000310"/>
      </testsuite>
      <testsuite name="App\Game\PlayerTest" file="/Users/jonatan/Desktop/BTH/dbwebb-kurser/mvc/me/report/tests/Game/PlayerTest.php" tests="2" assertions="5" errors="0" warnings="0" failures="0" skipped="0" time="0.000332">
        <testcase name="testCreatePlayer" class="App\Game\PlayerTest" classname="App.Game.PlayerTest" file="/Users/jonatan/Desktop/BTH/dbwebb-kurser/mvc/me/report/tests/Game/PlayerTest.php" line="16" assertions="3" time="0.000163"/>
        <testcase name="testAddCard" class="App\Game\PlayerTest" classname="App.Game.PlayerTest" file="/Users/jonatan/Desktop/BTH/dbwebb-kurser/mvc/me/report/tests/Game/PlayerTest.php" line="32" assertions="2" time="0.000169"/>
      </testsuite>
      <testsuite name="App\Proj\CardGraphicTest" file="/Users/jonatan/Desktop/BTH/dbwebb-kurser/mvc/me/report/tests/Proj/CardGraphicTest.php" tests="2" assertions="5" errors="0" warnings="0" failures="0" skipped="0" time="0.000855">
        <testcase name="testCreateCardGraphic" class="App\Proj\CardGraphicTest" classname="App.Proj.CardGraphicTest" file="/Users/jonatan/Desktop/BTH/dbwebb-kurser/mvc/me/report/tests/Proj/CardGraphicTest.php" line="16" assertions="4" time="0.000666"/>
        <testcase name="testToString" class="App\Proj\CardGraphicTest" classname="App.Proj.CardGraphicTest" file="/Users/jonatan/Desktop/BTH/dbwebb-kurser/mvc/me/report/tests/Proj/CardGraphicTest.php" line="35" assertions="1" time="0.000189"/>
      </testsuite>
      <testsuite name="App\Proj\CardTest" file="/Users/jonatan/Desktop/BTH/dbwebb-kurser/mvc/me/report/tests/Proj/CardTest.php" tests="2" assertions="5" errors="0" warnings="0" failures="0" skipped="0" time="0.000325">
        <testcase name="testCreateCard" class="App\Proj\CardTest" classname="App.Proj.CardTest" file="/Users/jonatan/Desktop/BTH/dbwebb-kurser/mvc/me/report/tests/Proj/CardTest.php" line="16" assertions="4" time="0.000172"/>
        <testcase name="testToString" class="App\Proj\CardTest" classname="App.Proj.CardTest" file="/Users/jonatan/Desktop/BTH/dbwebb-kurser/mvc/me/report/tests/Proj/CardTest.php" line="35" assertions="1" time="0.000152"/>
      </testsuite>
      <testsuite name="App\Proj\DeckTest" file="/Users/jonatan/Desktop/BTH/dbwebb-kurser/mvc/me/report/tests/Proj/DeckTest.php" tests="6" assertions="10" errors="0" warnings="0" failures="0" skipped="0" time="0.002188">
        <testcase name="testCreateDeck" class="App\Proj\DeckTest" classname="App.Proj.DeckTest" file="/Users/jonatan/Desktop/BTH/dbwebb-kurser/mvc/me/report/tests/Proj/DeckTest.php" line="19" assertions="2" time="0.000627"/>
        <testcase name="testCreateDeckGraphic" class="App\Proj\DeckTest" classname="App.Proj.DeckTest" file="/Users/jonatan/Desktop/BTH/dbwebb-kurser/mvc/me/report/tests/Proj/DeckTest.php" line="30" assertions="2" time="0.000302"/>
        <testcase name="testShuffle" class="App\Proj\DeckTest" classname="App.Proj.DeckTest" file="/Users/jonatan/Desktop/BTH/dbwebb-kurser/mvc/me/report/tests/Proj/DeckTest.php" line="38" assertions="2" time="0.000388"/>
        <testcase name="testDrawValid" class="App\Proj\DeckTest" classname="App.Proj.DeckTest" file="/Users/jonatan/Desktop/BTH/dbwebb-kurser/mvc/me/report/tests/Proj/DeckTest.php" line="65" assertions="2" time="0.000237"/>
        <testcase name="testDrawException" class="App\Proj\DeckTest" classname="App.Proj.DeckTest" file="/Users/jonatan/Desktop/BTH/dbwebb-kurser/mvc/me/report/tests/Proj/DeckTest.php" line="80" assertions="1" time="0.000343"/>
        <testcase name="testToString" class="App\Proj\DeckTest" classname="App.Proj.DeckTest" file="/Users/jonatan/Desktop/BTH/dbwebb-kurser/mvc/me/report/tests/Proj/DeckTest.php" line="93" assertions="1" time="0.000291"/>
      </testsuite>
      <testsuite name="App\Proj\EvaluatorTest" file="/Users/jonatan/Desktop/BTH/dbwebb-kurser/mvc/me/report/tests/Proj/EvaluatorTest.php" tests="29" assertions="113" errors="0" warnings="0" failures="0" skipped="0" time="0.015334">
        <testcase name="testRoyalFlush" class="App\Proj\EvaluatorTest" classname="App.Proj.EvaluatorTest" file="/Users/jonatan/Desktop/BTH/dbwebb-kurser/mvc/me/report/tests/Proj/EvaluatorTest.php" line="18" assertions="12" time="0.001555"/>
        <testcase name="testStraightFlush" class="App\Proj\EvaluatorTest" classname="App.Proj.EvaluatorTest" file="/Users/jonatan/Desktop/BTH/dbwebb-kurser/mvc/me/report/tests/Proj/EvaluatorTest.php" line="49" assertions="12" time="0.000444"/>
        <testcase name="testFourOfAKind" class="App\Proj\EvaluatorTest" classname="App.Proj.EvaluatorTest" file="/Users/jonatan/Desktop/BTH/dbwebb-kurser/mvc/me/report/tests/Proj/EvaluatorTest.php" line="80" assertions="6" time="0.000286"/>
        <testcase name="testFullHouse" class="App\Proj\EvaluatorTest" classname="App.Proj.EvaluatorTest" file="/Users/jonatan/Desktop/BTH/dbwebb-kurser/mvc/me/report/tests/Proj/EvaluatorTest.php" line="110" assertions="7" time="0.000262"/>
        <testcase name="testFlush" class="App\Proj\EvaluatorTest" classname="App.Proj.EvaluatorTest" file="/Users/jonatan/Desktop/BTH/dbwebb-kurser/mvc/me/report/tests/Proj/EvaluatorTest.php" line="143" assertions="6" time="0.000265"/>
        <testcase name="testStraight" class="App\Proj\EvaluatorTest" classname="App.Proj.EvaluatorTest" file="/Users/jonatan/Desktop/BTH/dbwebb-kurser/mvc/me/report/tests/Proj/EvaluatorTest.php" line="173" assertions="6" time="0.000276"/>
        <testcase name="testThreeOfAKind" class="App\Proj\EvaluatorTest" classname="App.Proj.EvaluatorTest" file="/Users/jonatan/Desktop/BTH/dbwebb-kurser/mvc/me/report/tests/Proj/EvaluatorTest.php" line="203" assertions="4" time="0.000351"/>
        <testcase name="testTwoPair" class="App\Proj\EvaluatorTest" classname="App.Proj.EvaluatorTest" file="/Users/jonatan/Desktop/BTH/dbwebb-kurser/mvc/me/report/tests/Proj/EvaluatorTest.php" line="233" assertions="6" time="0.000319"/>
        <testcase name="testPair" class="App\Proj\EvaluatorTest" classname="App.Proj.EvaluatorTest" file="/Users/jonatan/Desktop/BTH/dbwebb-kurser/mvc/me/report/tests/Proj/EvaluatorTest.php" line="264" assertions="4" time="0.000289"/>
        <testcase name="testHighCard" class="App\Proj\EvaluatorTest" classname="App.Proj.EvaluatorTest" file="/Users/jonatan/Desktop/BTH/dbwebb-kurser/mvc/me/report/tests/Proj/EvaluatorTest.php" line="293" assertions="3" time="0.000306"/>
        <testcase name="testEvaluateWinnersRoyalFlushNoTie" class="App\Proj\EvaluatorTest" classname="App.Proj.EvaluatorTest" file="/Users/jonatan/Desktop/BTH/dbwebb-kurser/mvc/me/report/tests/Proj/EvaluatorTest.php" line="339" assertions="2" time="0.001561"/>
        <testcase name="testEvaluateWinnersRoyalFlushWithTie" class="App\Proj\EvaluatorTest" classname="App.Proj.EvaluatorTest" file="/Users/jonatan/Desktop/BTH/dbwebb-kurser/mvc/me/report/tests/Proj/EvaluatorTest.php" line="357" assertions="3" time="0.000569"/>
        <testcase name="testEvaluateWinnersStraightNoTie" class="App\Proj\EvaluatorTest" classname="App.Proj.EvaluatorTest" file="/Users/jonatan/Desktop/BTH/dbwebb-kurser/mvc/me/report/tests/Proj/EvaluatorTest.php" line="377" assertions="2" time="0.000526"/>
        <testcase name="testEvaluateWinnersStraightWithTie" class="App\Proj\EvaluatorTest" classname="App.Proj.EvaluatorTest" file="/Users/jonatan/Desktop/BTH/dbwebb-kurser/mvc/me/report/tests/Proj/EvaluatorTest.php" line="395" assertions="3" time="0.000468"/>
        <testcase name="testEvaluateWinnersFourOfAKindNoTie" class="App\Proj\EvaluatorTest" classname="App.Proj.EvaluatorTest" file="/Users/jonatan/Desktop/BTH/dbwebb-kurser/mvc/me/report/tests/Proj/EvaluatorTest.php" line="414" assertions="2" time="0.000477"/>
        <testcase name="testEvaluateWinnersFourOfAKindWithTie" class="App\Proj\EvaluatorTest" classname="App.Proj.EvaluatorTest" file="/Users/jonatan/Desktop/BTH/dbwebb-kurser/mvc/me/report/tests/Proj/EvaluatorTest.php" line="432" assertions="3" time="0.000472"/>
        <testcase name="testEvaluateWinnersFullHouseNoTie" class="App\Proj\EvaluatorTest" classname="App.Proj.EvaluatorTest" file="/Users/jonatan/Desktop/BTH/dbwebb-kurser/mvc/me/report/tests/Proj/EvaluatorTest.php" line="451" assertions="2" time="0.000483"/>
        <testcase name="testEvaluateWinnersFullHouseWithTie" class="App\Proj\EvaluatorTest" classname="App.Proj.EvaluatorTest" file="/Users/jonatan/Desktop/BTH/dbwebb-kurser/mvc/me/report/tests/Proj/EvaluatorTest.php" line="469" assertions="3" time="0.000431"/>
        <testcase name="testEvaluateWinnersFlushNoTie" class="App\Proj\EvaluatorTest" classname="App.Proj.EvaluatorTest" file="/Users/jonatan/Desktop/BTH/dbwebb-kurser/mvc/me/report/tests/Proj/EvaluatorTest.php" line="488" assertions="2" time="0.000510"/>
        <testcase name="testEvaluateWinnersFlushWithTie" class="App\Proj\EvaluatorTest" classname="App.Proj.EvaluatorTest" file="/Users/jonatan/Desktop/BTH/dbwebb-kurser/mvc/me/report/tests/Proj/EvaluatorTest.php" line="506" assertions="3" time="0.000664"/>
        <testcase name="testEvaluateWinnersThreeOfAKindNoTie" class="App\Proj\EvaluatorTest" classname="App.Proj.EvaluatorTest" file="/Users/jonatan/Desktop/BTH/dbwebb-kurser/mvc/me/report/tests/Proj/EvaluatorTest.php" line="525" assertions="2" time="0.000524"/>
        <testcase name="testEvaluateWinnersThreeOfAKindWithTie" class="App\Proj\EvaluatorTest" classname="App.Proj.EvaluatorTest" file="/Users/jonatan/Desktop/BTH/dbwebb-kurser/mvc/me/report/tests/Proj/EvaluatorTest.php" line="543" assertions="3" time="0.000500"/>
        <testcase name="testEvaluateWinnersTwoPairNoTie" class="App\Proj\EvaluatorTest" classname="App.Proj.EvaluatorTest" file="/Users/jonatan/Desktop/BTH/dbwebb-kurser/mvc/me/report/tests/Proj/EvaluatorTest.php" line="562" assertions="2" time="0.000515"/>
        <testcase name="testEvaluateWinnersTwoPairNoTie2" class="App\Proj\EvaluatorTest" classname="App.Proj.EvaluatorTest" file="/Users/jonatan/Desktop/BTH/dbwebb-kurser/mvc/me/report/tests/Proj/EvaluatorTest.php" line="580" assertions="2" time="0.000503"/>
        <testcase name="testEvaluateWinnersTwoPairWithTie" class="App\Proj\EvaluatorTest" classname="App.Proj.EvaluatorTest" file="/Users/jonatan/Desktop/BTH/dbwebb-kurser/mvc/me/report/tests/Proj/EvaluatorTest.php" line="598" assertions="3" time="0.000516"/>
        <testcase name="testEvaluateWinnersPairNoTie" class="App\Proj\EvaluatorTest" classname="App.Proj.EvaluatorTest" file="/Users/jonatan/Desktop/BTH/dbwebb-kurser/mvc/me/report/tests/Proj/EvaluatorTest.php" line="617" assertions="2" time="0.000525"/>
        <testcase name="testEvaluateWinnersPairWithTie" class="App\Proj\EvaluatorTest" classname="App.Proj.EvaluatorTest" file="/Users/jonatan/Desktop/BTH/dbwebb-kurser/mvc/me/report/tests/Proj/EvaluatorTest.php" line="635" assertions="3" time="0.000498"/>
        <testcase name="testEvaluateWinnersHighCardNoTie" class="App\Proj\EvaluatorTest" classname="App.Proj.EvaluatorTest" file="/Users/jonatan/Desktop/BTH/dbwebb-kurser/mvc/me/report/tests/Proj/EvaluatorTest.php" line="654" assertions="2" time="0.000551"/>
        <testcase name="testEvaluateWinnersHighCardWithTie" class="App\Proj\EvaluatorTest" classname="App.Proj.EvaluatorTest" file="/Users/jonatan/Desktop/BTH/dbwebb-kurser/mvc/me/report/tests/Proj/EvaluatorTest.php" line="672" assertions="3" time="0.000686"/>
      </testsuite>
      <testsuite name="App\Proj\GameTest" file="/Users/jonatan/Desktop/BTH/dbwebb-kurser/mvc/me/report/tests/Proj/GameTest.php" tests="15" assertions="92" errors="0" warnings="0" failures="0" skipped="0" time="0.043163">
        <testcase name="testCreateGame" class="App\Proj\GameTest" classname="App.Proj.GameTest" file="/Users/jonatan/Desktop/BTH/dbwebb-kurser/mvc/me/report/tests/Proj/GameTest.php" line="20" assertions="26" time="0.002382"/>
        <testcase name="testUpdateGameState" class="App\Proj\GameTest" classname="App.Proj.GameTest" file="/Users/jonatan/Desktop/BTH/dbwebb-kurser/mvc/me/report/tests/Proj/GameTest.php" line="81" assertions="4" time="0.001320"/>
        <testcase name="testBasicComputerWithBet" class="App\Proj\GameTest" classname="App.Proj.GameTest" file="/Users/jonatan/Desktop/BTH/dbwebb-kurser/mvc/me/report/tests/Proj/GameTest.php" line="103" assertions="4" time="0.000434"/>
        <testcase name="testBasicComputerAllIn" class="App\Proj\GameTest" classname="App.Proj.GameTest" file="/Users/jonatan/Desktop/BTH/dbwebb-kurser/mvc/me/report/tests/Proj/GameTest.php" line="125" assertions="1" time="0.000413"/>
        <testcase name="testPlayThroughSmartManyTimes" class="App\Proj\GameTest" classname="App.Proj.GameTest" file="/Users/jonatan/Desktop/BTH/dbwebb-kurser/mvc/me/report/tests/Proj/GameTest.php" line="142" assertions="10" time="0.030888"/>
        <testcase name="testPlayThroughSmart" class="App\Proj\GameTest" classname="App.Proj.GameTest" file="/Users/jonatan/Desktop/BTH/dbwebb-kurser/mvc/me/report/tests/Proj/GameTest.php" line="170" assertions="7" time="0.003667"/>
        <testcase name="testSmartComputerAllIn" class="App\Proj\GameTest" classname="App.Proj.GameTest" file="/Users/jonatan/Desktop/BTH/dbwebb-kurser/mvc/me/report/tests/Proj/GameTest.php" line="200" assertions="1" time="0.000563"/>
        <testcase name="testAllPlayed" class="App\Proj\GameTest" classname="App.Proj.GameTest" file="/Users/jonatan/Desktop/BTH/dbwebb-kurser/mvc/me/report/tests/Proj/GameTest.php" line="217" assertions="1" time="0.000396"/>
        <testcase name="testPlayerFold" class="App\Proj\GameTest" classname="App.Proj.GameTest" file="/Users/jonatan/Desktop/BTH/dbwebb-kurser/mvc/me/report/tests/Proj/GameTest.php" line="230" assertions="5" time="0.000451"/>
        <testcase name="testPlayerCall" class="App\Proj\GameTest" classname="App.Proj.GameTest" file="/Users/jonatan/Desktop/BTH/dbwebb-kurser/mvc/me/report/tests/Proj/GameTest.php" line="252" assertions="7" time="0.000421"/>
        <testcase name="testPlayerCallAllIn" class="App\Proj\GameTest" classname="App.Proj.GameTest" file="/Users/jonatan/Desktop/BTH/dbwebb-kurser/mvc/me/report/tests/Proj/GameTest.php" line="276" assertions="7" time="0.000442"/>
        <testcase name="testPlayerRaise" class="App\Proj\GameTest" classname="App.Proj.GameTest" file="/Users/jonatan/Desktop/BTH/dbwebb-kurser/mvc/me/report/tests/Proj/GameTest.php" line="301" assertions="7" time="0.000420"/>
        <testcase name="testPlayerRaiseAllIn" class="App\Proj\GameTest" classname="App.Proj.GameTest" file="/Users/jonatan/Desktop/BTH/dbwebb-kurser/mvc/me/report/tests/Proj/GameTest.php" line="326" assertions="7" time="0.000409"/>
        <testcase name="testPlayerCheck" class="App\Proj\GameTest" classname="App.Proj.GameTest" file="/Users/jonatan/Desktop/BTH/dbwebb-kurser/mvc/me/report/tests/Proj/GameTest.php" line="350" assertions="4" time="0.000473"/>
        <testcase name="testCanCheck" class="App\Proj\GameTest" classname="App.Proj.GameTest" file="/Users/jonatan/Desktop/BTH/dbwebb-kurser/mvc/me/report/tests/Proj/GameTest.php" line="371" assertions="1" time="0.000484"/>
      </testsuite>
      <testsuite name="App\Proj\CardHandTest" file="/Users/jonatan/Desktop/BTH/dbwebb-kurser/mvc/me/report/tests/Proj/HandTest.php" tests="4" assertions="6" errors="0" warnings="0" failures="0" skipped="0" time="0.000658">
        <testcase name="testCreateHand" class="App\Proj\CardHandTest" classname="App.Proj.CardHandTest" file="/Users/jonatan/Desktop/BTH/dbwebb-kurser/mvc/me/report/tests/Proj/HandTest.php" line="16" assertions="2" time="0.000165"/>
        <testcase name="testAddingCard" class="App\Proj\CardHandTest" classname="App.Proj.CardHandTest" file="/Users/jonatan/Desktop/BTH/dbwebb-kurser/mvc/me/report/tests/Proj/HandTest.php" line="27" assertions="2" time="0.000162"/>
        <testcase name="testRemovingCard" class="App\Proj\CardHandTest" classname="App.Proj.CardHandTest" file="/Users/jonatan/Desktop/BTH/dbwebb-kurser/mvc/me/report/tests/Proj/HandTest.php" line="44" assertions="1" time="0.000166"/>
        <testcase name="testToString" class="App\Proj\CardHandTest" classname="App.Proj.CardHandTest" file="/Users/jonatan/Desktop/BTH/dbwebb-kurser/mvc/me/report/tests/Proj/HandTest.php" line="58" assertions="1" time="0.000165"/>
      </testsuite>
      <testsuite name="App\Proj\PlayerTest" file="/Users/jonatan/Desktop/BTH/dbwebb-kurser/mvc/me/report/tests/Proj/PlayerTest.php" tests="6" assertions="32" errors="0" warnings="0" failures="0" skipped="0" time="0.001135">
        <testcase name="testCreatePlayer" class="App\Proj\PlayerTest" classname="App.Proj.PlayerTest" file="/Users/jonatan/Desktop/BTH/dbwebb-kurser/mvc/me/report/tests/Proj/PlayerTest.php" line="16" assertions="12" time="0.000205"/>
        <testcase name="testAddCard" class="App\Proj\PlayerTest" classname="App.Proj.PlayerTest" file="/Users/jonatan/Desktop/BTH/dbwebb-kurser/mvc/me/report/tests/Proj/PlayerTest.php" line="64" assertions="2" time="0.000180"/>
        <testcase name="testSetters" class="App\Proj\PlayerTest" classname="App.Proj.PlayerTest" file="/Users/jonatan/Desktop/BTH/dbwebb-kurser/mvc/me/report/tests/Proj/PlayerTest.php" line="79" assertions="10" time="0.000220"/>
        <testcase name="testMakeBetValid" class="App\Proj\PlayerTest" classname="App.Proj.PlayerTest" file="/Users/jonatan/Desktop/BTH/dbwebb-kurser/mvc/me/report/tests/Proj/PlayerTest.php" line="141" assertions="1" time="0.000151"/>
        <testcase name="testMakeBetInvalid" class="App\Proj\PlayerTest" classname="App.Proj.PlayerTest" file="/Users/jonatan/Desktop/BTH/dbwebb-kurser/mvc/me/report/tests/Proj/PlayerTest.php" line="150" assertions="1" time="0.000148"/>
        <testcase name="testNewRound" class="App\Proj\PlayerTest" classname="App.Proj.PlayerTest" file="/Users/jonatan/Desktop/BTH/dbwebb-kurser/mvc/me/report/tests/Proj/PlayerTest.php" line="159" assertions="6" time="0.000229"/>
      </testsuite>
    </testsuite>
  </testsuite>
</testsuites>
