<?xml version="1.0" encoding="UTF-8"?>
<testsuites>
  <testsuite name="" tests="37" assertions="127" errors="0" warnings="0" failures="0" skipped="0" time="0.021291">
    <testsuite name="Project Test Suite" tests="37" assertions="127" errors="0" warnings="0" failures="0" skipped="0" time="0.021291">
      <testsuite name="App\Card\CardGraphicTest" file="/Users/jonatan/Desktop/BTH/dbwebb-kurser/mvc/me/report/tests/Card/CardGraphicTest.php" tests="2" assertions="4" errors="0" warnings="0" failures="0" skipped="0" time="0.005291">
        <testcase name="testCreateCardGraphic" class="App\Card\CardGraphicTest" classname="App.Card.CardGraphicTest" file="/Users/jonatan/Desktop/BTH/dbwebb-kurser/mvc/me/report/tests/Card/CardGraphicTest.php" line="16" assertions="3" time="0.005036"/>
        <testcase name="testToString" class="App\Card\CardGraphicTest" classname="App.Card.CardGraphicTest" file="/Users/jonatan/Desktop/BTH/dbwebb-kurser/mvc/me/report/tests/Card/CardGraphicTest.php" line="32" assertions="1" time="0.000255"/>
      </testsuite>
      <testsuite name="App\Card\CardHandTest" file="/Users/jonatan/Desktop/BTH/dbwebb-kurser/mvc/me/report/tests/Card/CardHandTest.php" tests="4" assertions="6" errors="0" warnings="0" failures="0" skipped="0" time="0.001545">
        <testcase name="testCreateHand" class="App\Card\CardHandTest" classname="App.Card.CardHandTest" file="/Users/jonatan/Desktop/BTH/dbwebb-kurser/mvc/me/report/tests/Card/CardHandTest.php" line="16" assertions="2" time="0.000994"/>
        <testcase name="testAddingCard" class="App\Card\CardHandTest" classname="App.Card.CardHandTest" file="/Users/jonatan/Desktop/BTH/dbwebb-kurser/mvc/me/report/tests/Card/CardHandTest.php" line="27" assertions="2" time="0.000197"/>
        <testcase name="testRemovingCard" class="App\Card\CardHandTest" classname="App.Card.CardHandTest" file="/Users/jonatan/Desktop/BTH/dbwebb-kurser/mvc/me/report/tests/Card/CardHandTest.php" line="44" assertions="1" time="0.000178"/>
        <testcase name="testToString" class="App\Card\CardHandTest" classname="App.Card.CardHandTest" file="/Users/jonatan/Desktop/BTH/dbwebb-kurser/mvc/me/report/tests/Card/CardHandTest.php" line="58" assertions="1" time="0.000176"/>
      </testsuite>
      <testsuite name="App\Card\CardTest" file="/Users/jonatan/Desktop/BTH/dbwebb-kurser/mvc/me/report/tests/Card/CardTest.php" tests="2" assertions="4" errors="0" warnings="0" failures="0" skipped="0" time="0.000345">
        <testcase name="testCreateCard" class="App\Card\CardTest" classname="App.Card.CardTest" file="/Users/jonatan/Desktop/BTH/dbwebb-kurser/mvc/me/report/tests/Card/CardTest.php" line="16" assertions="3" time="0.000187"/>
        <testcase name="testToString" class="App\Card\CardTest" classname="App.Card.CardTest" file="/Users/jonatan/Desktop/BTH/dbwebb-kurser/mvc/me/report/tests/Card/CardTest.php" line="32" assertions="1" time="0.000158"/>
      </testsuite>
      <testsuite name="App\Card\DeckOfCardsTest" file="/Users/jonatan/Desktop/BTH/dbwebb-kurser/mvc/me/report/tests/Card/DeckOfCardsTest.php" tests="6" assertions="12" errors="0" warnings="0" failures="0" skipped="0" time="0.004321">
        <testcase name="testCreateDeckOfCards" class="App\Card\DeckOfCardsTest" classname="App.Card.DeckOfCardsTest" file="/Users/jonatan/Desktop/BTH/dbwebb-kurser/mvc/me/report/tests/Card/DeckOfCardsTest.php" line="19" assertions="2" time="0.001654"/>
        <testcase name="testDrawValid" class="App\Card\DeckOfCardsTest" classname="App.Card.DeckOfCardsTest" file="/Users/jonatan/Desktop/BTH/dbwebb-kurser/mvc/me/report/tests/Card/DeckOfCardsTest.php" line="30" assertions="2" time="0.000292"/>
        <testcase name="testDrawException" class="App\Card\DeckOfCardsTest" classname="App.Card.DeckOfCardsTest" file="/Users/jonatan/Desktop/BTH/dbwebb-kurser/mvc/me/report/tests/Card/DeckOfCardsTest.php" line="45" assertions="1" time="0.001056"/>
        <testcase name="testSort" class="App\Card\DeckOfCardsTest" classname="App.Card.DeckOfCardsTest" file="/Users/jonatan/Desktop/BTH/dbwebb-kurser/mvc/me/report/tests/Card/DeckOfCardsTest.php" line="58" assertions="2" time="0.000764"/>
        <testcase name="testDrawMultiple" class="App\Card\DeckOfCardsTest" classname="App.Card.DeckOfCardsTest" file="/Users/jonatan/Desktop/BTH/dbwebb-kurser/mvc/me/report/tests/Card/DeckOfCardsTest.php" line="74" assertions="4" time="0.000262"/>
        <testcase name="testToString" class="App\Card\DeckOfCardsTest" classname="App.Card.DeckOfCardsTest" file="/Users/jonatan/Desktop/BTH/dbwebb-kurser/mvc/me/report/tests/Card/DeckOfCardsTest.php" line="97" assertions="1" time="0.000294"/>
      </testsuite>
      <testsuite name="App\Entity\EntityTest" file="/Users/jonatan/Desktop/BTH/dbwebb-kurser/mvc/me/report/tests/Entity/LibraryTest.php" tests="1" assertions="6" errors="0" warnings="0" failures="0" skipped="0" time="0.000668">
        <testcase name="testLibrary" class="App\Entity\EntityTest" classname="App.Entity.EntityTest" file="/Users/jonatan/Desktop/BTH/dbwebb-kurser/mvc/me/report/tests/Entity/LibraryTest.php" line="17" assertions="6" time="0.000668"/>
      </testsuite>
      <testsuite name="App\Game\GameStateTest" file="/Users/jonatan/Desktop/BTH/dbwebb-kurser/mvc/me/report/tests/Game/GameStateTest.php" tests="10" assertions="24" errors="0" warnings="0" failures="0" skipped="0" time="0.005015">
        <testcase name="testCreateGameState" class="App\Game\GameStateTest" classname="App.Game.GameStateTest" file="/Users/jonatan/Desktop/BTH/dbwebb-kurser/mvc/me/report/tests/Game/GameStateTest.php" line="17" assertions="7" time="0.001723"/>
        <testcase name="testPlayerDraw" class="App\Game\GameStateTest" classname="App.Game.GameStateTest" file="/Users/jonatan/Desktop/BTH/dbwebb-kurser/mvc/me/report/tests/Game/GameStateTest.php" line="46" assertions="3" time="0.000419"/>
        <testcase name="testSetWinner" class="App\Game\GameStateTest" classname="App.Game.GameStateTest" file="/Users/jonatan/Desktop/BTH/dbwebb-kurser/mvc/me/report/tests/Game/GameStateTest.php" line="66" assertions="1" time="0.000329"/>
        <testcase name="testPlayerStop" class="App\Game\GameStateTest" classname="App.Game.GameStateTest" file="/Users/jonatan/Desktop/BTH/dbwebb-kurser/mvc/me/report/tests/Game/GameStateTest.php" line="79" assertions="2" time="0.000609"/>
        <testcase name="testSetScore" class="App\Game\GameStateTest" classname="App.Game.GameStateTest" file="/Users/jonatan/Desktop/BTH/dbwebb-kurser/mvc/me/report/tests/Game/GameStateTest.php" line="102" assertions="1" time="0.000323"/>
        <testcase name="testPlayerWin" class="App\Game\GameStateTest" classname="App.Game.GameStateTest" file="/Users/jonatan/Desktop/BTH/dbwebb-kurser/mvc/me/report/tests/Game/GameStateTest.php" line="114" assertions="2" time="0.000327"/>
        <testcase name="testEqualScore" class="App\Game\GameStateTest" classname="App.Game.GameStateTest" file="/Users/jonatan/Desktop/BTH/dbwebb-kurser/mvc/me/report/tests/Game/GameStateTest.php" line="131" assertions="2" time="0.000320"/>
        <testcase name="testBankHighScore" class="App\Game\GameStateTest" classname="App.Game.GameStateTest" file="/Users/jonatan/Desktop/BTH/dbwebb-kurser/mvc/me/report/tests/Game/GameStateTest.php" line="148" assertions="2" time="0.000318"/>
        <testcase name="testPlayerHighScore" class="App\Game\GameStateTest" classname="App.Game.GameStateTest" file="/Users/jonatan/Desktop/BTH/dbwebb-kurser/mvc/me/report/tests/Game/GameStateTest.php" line="165" assertions="2" time="0.000323"/>
        <testcase name="testPlayerDrawMany" class="App\Game\GameStateTest" classname="App.Game.GameStateTest" file="/Users/jonatan/Desktop/BTH/dbwebb-kurser/mvc/me/report/tests/Game/GameStateTest.php" line="182" assertions="2" time="0.000325"/>
      </testsuite>
      <testsuite name="App\Game\PlayerTest" file="/Users/jonatan/Desktop/BTH/dbwebb-kurser/mvc/me/report/tests/Game/PlayerTest.php" tests="2" assertions="5" errors="0" warnings="0" failures="0" skipped="0" time="0.000360">
        <testcase name="testCreatePlayer" class="App\Game\PlayerTest" classname="App.Game.PlayerTest" file="/Users/jonatan/Desktop/BTH/dbwebb-kurser/mvc/me/report/tests/Game/PlayerTest.php" line="16" assertions="3" time="0.000179"/>
        <testcase name="testAddCard" class="App\Game\PlayerTest" classname="App.Game.PlayerTest" file="/Users/jonatan/Desktop/BTH/dbwebb-kurser/mvc/me/report/tests/Game/PlayerTest.php" line="32" assertions="2" time="0.000181"/>
      </testsuite>
      <testsuite name="App\Proj\EvaluatorTest" file="/Users/jonatan/Desktop/BTH/dbwebb-kurser/mvc/me/report/tests/Proj/EvaluatorTest.php" tests="10" assertions="66" errors="0" warnings="0" failures="0" skipped="0" time="0.003747">
        <testcase name="testRoyalFlush" class="App\Proj\EvaluatorTest" classname="App.Proj.EvaluatorTest" file="/Users/jonatan/Desktop/BTH/dbwebb-kurser/mvc/me/report/tests/Proj/EvaluatorTest.php" line="18" assertions="12" time="0.001308"/>
        <testcase name="testStraightFlush" class="App\Proj\EvaluatorTest" classname="App.Proj.EvaluatorTest" file="/Users/jonatan/Desktop/BTH/dbwebb-kurser/mvc/me/report/tests/Proj/EvaluatorTest.php" line="49" assertions="12" time="0.000367"/>
        <testcase name="testFourOfAKind" class="App\Proj\EvaluatorTest" classname="App.Proj.EvaluatorTest" file="/Users/jonatan/Desktop/BTH/dbwebb-kurser/mvc/me/report/tests/Proj/EvaluatorTest.php" line="80" assertions="6" time="0.000270"/>
        <testcase name="testFullHouse" class="App\Proj\EvaluatorTest" classname="App.Proj.EvaluatorTest" file="/Users/jonatan/Desktop/BTH/dbwebb-kurser/mvc/me/report/tests/Proj/EvaluatorTest.php" line="110" assertions="7" time="0.000277"/>
        <testcase name="testFlush" class="App\Proj\EvaluatorTest" classname="App.Proj.EvaluatorTest" file="/Users/jonatan/Desktop/BTH/dbwebb-kurser/mvc/me/report/tests/Proj/EvaluatorTest.php" line="143" assertions="6" time="0.000256"/>
        <testcase name="testStraight" class="App\Proj\EvaluatorTest" classname="App.Proj.EvaluatorTest" file="/Users/jonatan/Desktop/BTH/dbwebb-kurser/mvc/me/report/tests/Proj/EvaluatorTest.php" line="173" assertions="6" time="0.000270"/>
        <testcase name="testThreeOfAKind" class="App\Proj\EvaluatorTest" classname="App.Proj.EvaluatorTest" file="/Users/jonatan/Desktop/BTH/dbwebb-kurser/mvc/me/report/tests/Proj/EvaluatorTest.php" line="203" assertions="4" time="0.000250"/>
        <testcase name="testTwoPair" class="App\Proj\EvaluatorTest" classname="App.Proj.EvaluatorTest" file="/Users/jonatan/Desktop/BTH/dbwebb-kurser/mvc/me/report/tests/Proj/EvaluatorTest.php" line="233" assertions="6" time="0.000263"/>
        <testcase name="testPair" class="App\Proj\EvaluatorTest" classname="App.Proj.EvaluatorTest" file="/Users/jonatan/Desktop/BTH/dbwebb-kurser/mvc/me/report/tests/Proj/EvaluatorTest.php" line="264" assertions="4" time="0.000244"/>
        <testcase name="testHighCard" class="App\Proj\EvaluatorTest" classname="App.Proj.EvaluatorTest" file="/Users/jonatan/Desktop/BTH/dbwebb-kurser/mvc/me/report/tests/Proj/EvaluatorTest.php" line="293" assertions="3" time="0.000240"/>
      </testsuite>
    </testsuite>
  </testsuite>
</testsuites>
