<?xml version="1.0" encoding="UTF-8"?>
<testsuites>
  <testsuite name="" tests="91" assertions="323" errors="0" warnings="0" failures="0" skipped="0" time="0.082936">
    <testsuite name="Project Test Suite" tests="91" assertions="323" errors="0" warnings="0" failures="0" skipped="0" time="0.082936">
      <testsuite name="App\Card\CardGraphicTest" file="/Users/jonatan/Desktop/BTH/dbwebb-kurser/mvc/me/report/tests/Card/CardGraphicTest.php" tests="2" assertions="4" errors="0" warnings="0" failures="0" skipped="0" time="0.005695">
        <testcase name="testCreateCardGraphic" class="App\Card\CardGraphicTest" classname="App.Card.CardGraphicTest" file="/Users/jonatan/Desktop/BTH/dbwebb-kurser/mvc/me/report/tests/Card/CardGraphicTest.php" line="16" assertions="3" time="0.005462"/>
        <testcase name="testToString" class="App\Card\CardGraphicTest" classname="App.Card.CardGraphicTest" file="/Users/jonatan/Desktop/BTH/dbwebb-kurser/mvc/me/report/tests/Card/CardGraphicTest.php" line="32" assertions="1" time="0.000233"/>
      </testsuite>
      <testsuite name="App\Card\CardHandTest" file="/Users/jonatan/Desktop/BTH/dbwebb-kurser/mvc/me/report/tests/Card/CardHandTest.php" tests="4" assertions="6" errors="0" warnings="0" failures="0" skipped="0" time="0.001809">
        <testcase name="testCreateHand" class="App\Card\CardHandTest" classname="App.Card.CardHandTest" file="/Users/jonatan/Desktop/BTH/dbwebb-kurser/mvc/me/report/tests/Card/CardHandTest.php" line="16" assertions="2" time="0.001181"/>
        <testcase name="testAddingCard" class="App\Card\CardHandTest" classname="App.Card.CardHandTest" file="/Users/jonatan/Desktop/BTH/dbwebb-kurser/mvc/me/report/tests/Card/CardHandTest.php" line="27" assertions="2" time="0.000218"/>
        <testcase name="testRemovingCard" class="App\Card\CardHandTest" classname="App.Card.CardHandTest" file="/Users/jonatan/Desktop/BTH/dbwebb-kurser/mvc/me/report/tests/Card/CardHandTest.php" line="44" assertions="1" time="0.000224"/>
        <testcase name="testToString" class="App\Card\CardHandTest" classname="App.Card.CardHandTest" file="/Users/jonatan/Desktop/BTH/dbwebb-kurser/mvc/me/report/tests/Card/CardHandTest.php" line="58" assertions="1" time="0.000186"/>
      </testsuite>
      <testsuite name="App\Card\CardTest" file="/Users/jonatan/Desktop/BTH/dbwebb-kurser/mvc/me/report/tests/Card/CardTest.php" tests="2" assertions="4" errors="0" warnings="0" failures="0" skipped="0" time="0.000323">
        <testcase name="testCreateCard" class="App\Card\CardTest" classname="App.Card.CardTest" file="/Users/jonatan/Desktop/BTH/dbwebb-kurser/mvc/me/report/tests/Card/CardTest.php" line="16" assertions="3" time="0.000170"/>
        <testcase name="testToString" class="App\Card\CardTest" classname="App.Card.CardTest" file="/Users/jonatan/Desktop/BTH/dbwebb-kurser/mvc/me/report/tests/Card/CardTest.php" line="32" assertions="1" time="0.000153"/>
      </testsuite>
      <testsuite name="App\Card\DeckOfCardsTest" file="/Users/jonatan/Desktop/BTH/dbwebb-kurser/mvc/me/report/tests/Card/DeckOfCardsTest.php" tests="6" assertions="12" errors="0" warnings="0" failures="0" skipped="0" time="0.004233">
        <testcase name="testCreateDeckOfCards" class="App\Card\DeckOfCardsTest" classname="App.Card.DeckOfCardsTest" file="/Users/jonatan/Desktop/BTH/dbwebb-kurser/mvc/me/report/tests/Card/DeckOfCardsTest.php" line="19" assertions="2" time="0.001744"/>
        <testcase name="testDrawValid" class="App\Card\DeckOfCardsTest" classname="App.Card.DeckOfCardsTest" file="/Users/jonatan/Desktop/BTH/dbwebb-kurser/mvc/me/report/tests/Card/DeckOfCardsTest.php" line="30" assertions="2" time="0.000261"/>
        <testcase name="testDrawException" class="App\Card\DeckOfCardsTest" classname="App.Card.DeckOfCardsTest" file="/Users/jonatan/Desktop/BTH/dbwebb-kurser/mvc/me/report/tests/Card/DeckOfCardsTest.php" line="45" assertions="1" time="0.000981"/>
        <testcase name="testSort" class="App\Card\DeckOfCardsTest" classname="App.Card.DeckOfCardsTest" file="/Users/jonatan/Desktop/BTH/dbwebb-kurser/mvc/me/report/tests/Card/DeckOfCardsTest.php" line="58" assertions="2" time="0.000734"/>
        <testcase name="testDrawMultiple" class="App\Card\DeckOfCardsTest" classname="App.Card.DeckOfCardsTest" file="/Users/jonatan/Desktop/BTH/dbwebb-kurser/mvc/me/report/tests/Card/DeckOfCardsTest.php" line="74" assertions="4" time="0.000244"/>
        <testcase name="testToString" class="App\Card\DeckOfCardsTest" classname="App.Card.DeckOfCardsTest" file="/Users/jonatan/Desktop/BTH/dbwebb-kurser/mvc/me/report/tests/Card/DeckOfCardsTest.php" line="97" assertions="1" time="0.000270"/>
      </testsuite>
      <testsuite name="App\Entity\EntityTest" file="/Users/jonatan/Desktop/BTH/dbwebb-kurser/mvc/me/report/tests/Entity/LibraryTest.php" tests="1" assertions="6" errors="0" warnings="0" failures="0" skipped="0" time="0.000691">
        <testcase name="testLibrary" class="App\Entity\EntityTest" classname="App.Entity.EntityTest" file="/Users/jonatan/Desktop/BTH/dbwebb-kurser/mvc/me/report/tests/Entity/LibraryTest.php" line="17" assertions="6" time="0.000691"/>
      </testsuite>
      <testsuite name="App\Game\GameStateTest" file="/Users/jonatan/Desktop/BTH/dbwebb-kurser/mvc/me/report/tests/Game/GameStateTest.php" tests="10" assertions="23" errors="0" warnings="0" failures="0" skipped="0" time="0.005122">
        <testcase name="testCreateGameState" class="App\Game\GameStateTest" classname="App.Game.GameStateTest" file="/Users/jonatan/Desktop/BTH/dbwebb-kurser/mvc/me/report/tests/Game/GameStateTest.php" line="17" assertions="7" time="0.002041"/>
        <testcase name="testPlayerDraw" class="App\Game\GameStateTest" classname="App.Game.GameStateTest" file="/Users/jonatan/Desktop/BTH/dbwebb-kurser/mvc/me/report/tests/Game/GameStateTest.php" line="46" assertions="3" time="0.000381"/>
        <testcase name="testSetWinner" class="App\Game\GameStateTest" classname="App.Game.GameStateTest" file="/Users/jonatan/Desktop/BTH/dbwebb-kurser/mvc/me/report/tests/Game/GameStateTest.php" line="66" assertions="1" time="0.000304"/>
        <testcase name="testPlayerStop" class="App\Game\GameStateTest" classname="App.Game.GameStateTest" file="/Users/jonatan/Desktop/BTH/dbwebb-kurser/mvc/me/report/tests/Game/GameStateTest.php" line="79" assertions="1" time="0.000329"/>
        <testcase name="testSetScore" class="App\Game\GameStateTest" classname="App.Game.GameStateTest" file="/Users/jonatan/Desktop/BTH/dbwebb-kurser/mvc/me/report/tests/Game/GameStateTest.php" line="102" assertions="1" time="0.000301"/>
        <testcase name="testPlayerWin" class="App\Game\GameStateTest" classname="App.Game.GameStateTest" file="/Users/jonatan/Desktop/BTH/dbwebb-kurser/mvc/me/report/tests/Game/GameStateTest.php" line="114" assertions="2" time="0.000528"/>
        <testcase name="testEqualScore" class="App\Game\GameStateTest" classname="App.Game.GameStateTest" file="/Users/jonatan/Desktop/BTH/dbwebb-kurser/mvc/me/report/tests/Game/GameStateTest.php" line="131" assertions="2" time="0.000305"/>
        <testcase name="testBankHighScore" class="App\Game\GameStateTest" classname="App.Game.GameStateTest" file="/Users/jonatan/Desktop/BTH/dbwebb-kurser/mvc/me/report/tests/Game/GameStateTest.php" line="148" assertions="2" time="0.000315"/>
        <testcase name="testPlayerHighScore" class="App\Game\GameStateTest" classname="App.Game.GameStateTest" file="/Users/jonatan/Desktop/BTH/dbwebb-kurser/mvc/me/report/tests/Game/GameStateTest.php" line="165" assertions="2" time="0.000305"/>
        <testcase name="testPlayerDrawMany" class="App\Game\GameStateTest" classname="App.Game.GameStateTest" file="/Users/jonatan/Desktop/BTH/dbwebb-kurser/mvc/me/report/tests/Game/GameStateTest.php" line="182" assertions="2" time="0.000315"/>
      </testsuite>
      <testsuite name="App\Game\PlayerTest" file="/Users/jonatan/Desktop/BTH/dbwebb-kurser/mvc/me/report/tests/Game/PlayerTest.php" tests="2" assertions="5" errors="0" warnings="0" failures="0" skipped="0" time="0.000340">
        <testcase name="testCreatePlayer" class="App\Game\PlayerTest" classname="App.Game.PlayerTest" file="/Users/jonatan/Desktop/BTH/dbwebb-kurser/mvc/me/report/tests/Game/PlayerTest.php" line="16" assertions="3" time="0.000168"/>
        <testcase name="testAddCard" class="App\Game\PlayerTest" classname="App.Game.PlayerTest" file="/Users/jonatan/Desktop/BTH/dbwebb-kurser/mvc/me/report/tests/Game/PlayerTest.php" line="32" assertions="2" time="0.000172"/>
      </testsuite>
      <testsuite name="App\Proj\CardGraphicTest" file="/Users/jonatan/Desktop/BTH/dbwebb-kurser/mvc/me/report/tests/Proj/CardGraphicTest.php" tests="2" assertions="5" errors="0" warnings="0" failures="0" skipped="0" time="0.001574">
        <testcase name="testCreateCardGraphic" class="App\Proj\CardGraphicTest" classname="App.Proj.CardGraphicTest" file="/Users/jonatan/Desktop/BTH/dbwebb-kurser/mvc/me/report/tests/Proj/CardGraphicTest.php" line="16" assertions="4" time="0.001373"/>
        <testcase name="testToString" class="App\Proj\CardGraphicTest" classname="App.Proj.CardGraphicTest" file="/Users/jonatan/Desktop/BTH/dbwebb-kurser/mvc/me/report/tests/Proj/CardGraphicTest.php" line="35" assertions="1" time="0.000201"/>
      </testsuite>
      <testsuite name="App\Proj\CardTest" file="/Users/jonatan/Desktop/BTH/dbwebb-kurser/mvc/me/report/tests/Proj/CardTest.php" tests="2" assertions="5" errors="0" warnings="0" failures="0" skipped="0" time="0.000335">
        <testcase name="testCreateCard" class="App\Proj\CardTest" classname="App.Proj.CardTest" file="/Users/jonatan/Desktop/BTH/dbwebb-kurser/mvc/me/report/tests/Proj/CardTest.php" line="16" assertions="4" time="0.000177"/>
        <testcase name="testToString" class="App\Proj\CardTest" classname="App.Proj.CardTest" file="/Users/jonatan/Desktop/BTH/dbwebb-kurser/mvc/me/report/tests/Proj/CardTest.php" line="35" assertions="1" time="0.000158"/>
      </testsuite>
      <testsuite name="App\Proj\DeckTest" file="/Users/jonatan/Desktop/BTH/dbwebb-kurser/mvc/me/report/tests/Proj/DeckTest.php" tests="6" assertions="10" errors="0" warnings="0" failures="0" skipped="0" time="0.002455">
        <testcase name="testCreateDeck" class="App\Proj\DeckTest" classname="App.Proj.DeckTest" file="/Users/jonatan/Desktop/BTH/dbwebb-kurser/mvc/me/report/tests/Proj/DeckTest.php" line="19" assertions="2" time="0.000910"/>
        <testcase name="testCreateDeckGraphic" class="App\Proj\DeckTest" classname="App.Proj.DeckTest" file="/Users/jonatan/Desktop/BTH/dbwebb-kurser/mvc/me/report/tests/Proj/DeckTest.php" line="30" assertions="2" time="0.000307"/>
        <testcase name="testShuffle" class="App\Proj\DeckTest" classname="App.Proj.DeckTest" file="/Users/jonatan/Desktop/BTH/dbwebb-kurser/mvc/me/report/tests/Proj/DeckTest.php" line="38" assertions="2" time="0.000385"/>
        <testcase name="testDrawValid" class="App\Proj\DeckTest" classname="App.Proj.DeckTest" file="/Users/jonatan/Desktop/BTH/dbwebb-kurser/mvc/me/report/tests/Proj/DeckTest.php" line="65" assertions="2" time="0.000233"/>
        <testcase name="testDrawException" class="App\Proj\DeckTest" classname="App.Proj.DeckTest" file="/Users/jonatan/Desktop/BTH/dbwebb-kurser/mvc/me/report/tests/Proj/DeckTest.php" line="80" assertions="1" time="0.000335"/>
        <testcase name="testToString" class="App\Proj\DeckTest" classname="App.Proj.DeckTest" file="/Users/jonatan/Desktop/BTH/dbwebb-kurser/mvc/me/report/tests/Proj/DeckTest.php" line="93" assertions="1" time="0.000285"/>
      </testsuite>
      <testsuite name="App\Proj\EvaluatorTest" file="/Users/jonatan/Desktop/BTH/dbwebb-kurser/mvc/me/report/tests/Proj/EvaluatorTest.php" tests="29" assertions="113" errors="0" warnings="0" failures="0" skipped="0" time="0.016775">
        <testcase name="testRoyalFlush" class="App\Proj\EvaluatorTest" classname="App.Proj.EvaluatorTest" file="/Users/jonatan/Desktop/BTH/dbwebb-kurser/mvc/me/report/tests/Proj/EvaluatorTest.php" line="18" assertions="12" time="0.002110"/>
        <testcase name="testStraightFlush" class="App\Proj\EvaluatorTest" classname="App.Proj.EvaluatorTest" file="/Users/jonatan/Desktop/BTH/dbwebb-kurser/mvc/me/report/tests/Proj/EvaluatorTest.php" line="49" assertions="12" time="0.000363"/>
        <testcase name="testFourOfAKind" class="App\Proj\EvaluatorTest" classname="App.Proj.EvaluatorTest" file="/Users/jonatan/Desktop/BTH/dbwebb-kurser/mvc/me/report/tests/Proj/EvaluatorTest.php" line="80" assertions="6" time="0.000278"/>
        <testcase name="testFullHouse" class="App\Proj\EvaluatorTest" classname="App.Proj.EvaluatorTest" file="/Users/jonatan/Desktop/BTH/dbwebb-kurser/mvc/me/report/tests/Proj/EvaluatorTest.php" line="110" assertions="7" time="0.000265"/>
        <testcase name="testFlush" class="App\Proj\EvaluatorTest" classname="App.Proj.EvaluatorTest" file="/Users/jonatan/Desktop/BTH/dbwebb-kurser/mvc/me/report/tests/Proj/EvaluatorTest.php" line="143" assertions="6" time="0.000267"/>
        <testcase name="testStraight" class="App\Proj\EvaluatorTest" classname="App.Proj.EvaluatorTest" file="/Users/jonatan/Desktop/BTH/dbwebb-kurser/mvc/me/report/tests/Proj/EvaluatorTest.php" line="173" assertions="6" time="0.000271"/>
        <testcase name="testThreeOfAKind" class="App\Proj\EvaluatorTest" classname="App.Proj.EvaluatorTest" file="/Users/jonatan/Desktop/BTH/dbwebb-kurser/mvc/me/report/tests/Proj/EvaluatorTest.php" line="203" assertions="4" time="0.000405"/>
        <testcase name="testTwoPair" class="App\Proj\EvaluatorTest" classname="App.Proj.EvaluatorTest" file="/Users/jonatan/Desktop/BTH/dbwebb-kurser/mvc/me/report/tests/Proj/EvaluatorTest.php" line="233" assertions="6" time="0.000319"/>
        <testcase name="testPair" class="App\Proj\EvaluatorTest" classname="App.Proj.EvaluatorTest" file="/Users/jonatan/Desktop/BTH/dbwebb-kurser/mvc/me/report/tests/Proj/EvaluatorTest.php" line="264" assertions="4" time="0.000282"/>
        <testcase name="testHighCard" class="App\Proj\EvaluatorTest" classname="App.Proj.EvaluatorTest" file="/Users/jonatan/Desktop/BTH/dbwebb-kurser/mvc/me/report/tests/Proj/EvaluatorTest.php" line="293" assertions="3" time="0.000321"/>
        <testcase name="testEvaluateWinnersRoyalFlushNoTie" class="App\Proj\EvaluatorTest" classname="App.Proj.EvaluatorTest" file="/Users/jonatan/Desktop/BTH/dbwebb-kurser/mvc/me/report/tests/Proj/EvaluatorTest.php" line="339" assertions="2" time="0.002209"/>
        <testcase name="testEvaluateWinnersRoyalFlushWithTie" class="App\Proj\EvaluatorTest" classname="App.Proj.EvaluatorTest" file="/Users/jonatan/Desktop/BTH/dbwebb-kurser/mvc/me/report/tests/Proj/EvaluatorTest.php" line="357" assertions="3" time="0.000511"/>
        <testcase name="testEvaluateWinnersStraightNoTie" class="App\Proj\EvaluatorTest" classname="App.Proj.EvaluatorTest" file="/Users/jonatan/Desktop/BTH/dbwebb-kurser/mvc/me/report/tests/Proj/EvaluatorTest.php" line="377" assertions="2" time="0.000492"/>
        <testcase name="testEvaluateWinnersStraightWithTie" class="App\Proj\EvaluatorTest" classname="App.Proj.EvaluatorTest" file="/Users/jonatan/Desktop/BTH/dbwebb-kurser/mvc/me/report/tests/Proj/EvaluatorTest.php" line="395" assertions="3" time="0.000626"/>
        <testcase name="testEvaluateWinnersFourOfAKindNoTie" class="App\Proj\EvaluatorTest" classname="App.Proj.EvaluatorTest" file="/Users/jonatan/Desktop/BTH/dbwebb-kurser/mvc/me/report/tests/Proj/EvaluatorTest.php" line="414" assertions="2" time="0.000571"/>
        <testcase name="testEvaluateWinnersFourOfAKindWithTie" class="App\Proj\EvaluatorTest" classname="App.Proj.EvaluatorTest" file="/Users/jonatan/Desktop/BTH/dbwebb-kurser/mvc/me/report/tests/Proj/EvaluatorTest.php" line="432" assertions="3" time="0.000531"/>
        <testcase name="testEvaluateWinnersFullHouseNoTie" class="App\Proj\EvaluatorTest" classname="App.Proj.EvaluatorTest" file="/Users/jonatan/Desktop/BTH/dbwebb-kurser/mvc/me/report/tests/Proj/EvaluatorTest.php" line="451" assertions="2" time="0.000507"/>
        <testcase name="testEvaluateWinnersFullHouseWithTie" class="App\Proj\EvaluatorTest" classname="App.Proj.EvaluatorTest" file="/Users/jonatan/Desktop/BTH/dbwebb-kurser/mvc/me/report/tests/Proj/EvaluatorTest.php" line="469" assertions="3" time="0.000458"/>
        <testcase name="testEvaluateWinnersFlushNoTie" class="App\Proj\EvaluatorTest" classname="App.Proj.EvaluatorTest" file="/Users/jonatan/Desktop/BTH/dbwebb-kurser/mvc/me/report/tests/Proj/EvaluatorTest.php" line="488" assertions="2" time="0.000512"/>
        <testcase name="testEvaluateWinnersFlushWithTie" class="App\Proj\EvaluatorTest" classname="App.Proj.EvaluatorTest" file="/Users/jonatan/Desktop/BTH/dbwebb-kurser/mvc/me/report/tests/Proj/EvaluatorTest.php" line="506" assertions="3" time="0.000558"/>
        <testcase name="testEvaluateWinnersThreeOfAKindNoTie" class="App\Proj\EvaluatorTest" classname="App.Proj.EvaluatorTest" file="/Users/jonatan/Desktop/BTH/dbwebb-kurser/mvc/me/report/tests/Proj/EvaluatorTest.php" line="525" assertions="2" time="0.000522"/>
        <testcase name="testEvaluateWinnersThreeOfAKindWithTie" class="App\Proj\EvaluatorTest" classname="App.Proj.EvaluatorTest" file="/Users/jonatan/Desktop/BTH/dbwebb-kurser/mvc/me/report/tests/Proj/EvaluatorTest.php" line="543" assertions="3" time="0.000581"/>
        <testcase name="testEvaluateWinnersTwoPairNoTie" class="App\Proj\EvaluatorTest" classname="App.Proj.EvaluatorTest" file="/Users/jonatan/Desktop/BTH/dbwebb-kurser/mvc/me/report/tests/Proj/EvaluatorTest.php" line="562" assertions="2" time="0.000506"/>
        <testcase name="testEvaluateWinnersTwoPairNoTie2" class="App\Proj\EvaluatorTest" classname="App.Proj.EvaluatorTest" file="/Users/jonatan/Desktop/BTH/dbwebb-kurser/mvc/me/report/tests/Proj/EvaluatorTest.php" line="580" assertions="2" time="0.000498"/>
        <testcase name="testEvaluateWinnersTwoPairWithTie" class="App\Proj\EvaluatorTest" classname="App.Proj.EvaluatorTest" file="/Users/jonatan/Desktop/BTH/dbwebb-kurser/mvc/me/report/tests/Proj/EvaluatorTest.php" line="598" assertions="3" time="0.000526"/>
        <testcase name="testEvaluateWinnersPairNoTie" class="App\Proj\EvaluatorTest" classname="App.Proj.EvaluatorTest" file="/Users/jonatan/Desktop/BTH/dbwebb-kurser/mvc/me/report/tests/Proj/EvaluatorTest.php" line="617" assertions="2" time="0.000528"/>
        <testcase name="testEvaluateWinnersPairWithTie" class="App\Proj\EvaluatorTest" classname="App.Proj.EvaluatorTest" file="/Users/jonatan/Desktop/BTH/dbwebb-kurser/mvc/me/report/tests/Proj/EvaluatorTest.php" line="635" assertions="3" time="0.000558"/>
        <testcase name="testEvaluateWinnersHighCardNoTie" class="App\Proj\EvaluatorTest" classname="App.Proj.EvaluatorTest" file="/Users/jonatan/Desktop/BTH/dbwebb-kurser/mvc/me/report/tests/Proj/EvaluatorTest.php" line="654" assertions="2" time="0.000618"/>
        <testcase name="testEvaluateWinnersHighCardWithTie" class="App\Proj\EvaluatorTest" classname="App.Proj.EvaluatorTest" file="/Users/jonatan/Desktop/BTH/dbwebb-kurser/mvc/me/report/tests/Proj/EvaluatorTest.php" line="672" assertions="3" time="0.000583"/>
      </testsuite>
      <testsuite name="App\Proj\GameTest" file="/Users/jonatan/Desktop/BTH/dbwebb-kurser/mvc/me/report/tests/Proj/GameTest.php" tests="15" assertions="92" errors="0" warnings="0" failures="0" skipped="0" time="0.041626">
        <testcase name="testCreateGame" class="App\Proj\GameTest" classname="App.Proj.GameTest" file="/Users/jonatan/Desktop/BTH/dbwebb-kurser/mvc/me/report/tests/Proj/GameTest.php" line="20" assertions="26" time="0.003536"/>
        <testcase name="testUpdateGameState" class="App\Proj\GameTest" classname="App.Proj.GameTest" file="/Users/jonatan/Desktop/BTH/dbwebb-kurser/mvc/me/report/tests/Proj/GameTest.php" line="81" assertions="4" time="0.001345"/>
        <testcase name="testBasicComputerWithBet" class="App\Proj\GameTest" classname="App.Proj.GameTest" file="/Users/jonatan/Desktop/BTH/dbwebb-kurser/mvc/me/report/tests/Proj/GameTest.php" line="103" assertions="4" time="0.000439"/>
        <testcase name="testBasicComputerAllIn" class="App\Proj\GameTest" classname="App.Proj.GameTest" file="/Users/jonatan/Desktop/BTH/dbwebb-kurser/mvc/me/report/tests/Proj/GameTest.php" line="125" assertions="1" time="0.000407"/>
        <testcase name="testPlayThroughSmartManyTimes" class="App\Proj\GameTest" classname="App.Proj.GameTest" file="/Users/jonatan/Desktop/BTH/dbwebb-kurser/mvc/me/report/tests/Proj/GameTest.php" line="142" assertions="10" time="0.028561"/>
        <testcase name="testPlayThroughSmart" class="App\Proj\GameTest" classname="App.Proj.GameTest" file="/Users/jonatan/Desktop/BTH/dbwebb-kurser/mvc/me/report/tests/Proj/GameTest.php" line="170" assertions="7" time="0.003531"/>
        <testcase name="testSmartComputerAllIn" class="App\Proj\GameTest" classname="App.Proj.GameTest" file="/Users/jonatan/Desktop/BTH/dbwebb-kurser/mvc/me/report/tests/Proj/GameTest.php" line="200" assertions="1" time="0.000487"/>
        <testcase name="testAllPlayed" class="App\Proj\GameTest" classname="App.Proj.GameTest" file="/Users/jonatan/Desktop/BTH/dbwebb-kurser/mvc/me/report/tests/Proj/GameTest.php" line="217" assertions="1" time="0.000381"/>
        <testcase name="testPlayerFold" class="App\Proj\GameTest" classname="App.Proj.GameTest" file="/Users/jonatan/Desktop/BTH/dbwebb-kurser/mvc/me/report/tests/Proj/GameTest.php" line="230" assertions="5" time="0.000412"/>
        <testcase name="testPlayerCall" class="App\Proj\GameTest" classname="App.Proj.GameTest" file="/Users/jonatan/Desktop/BTH/dbwebb-kurser/mvc/me/report/tests/Proj/GameTest.php" line="252" assertions="7" time="0.000421"/>
        <testcase name="testPlayerCallAllIn" class="App\Proj\GameTest" classname="App.Proj.GameTest" file="/Users/jonatan/Desktop/BTH/dbwebb-kurser/mvc/me/report/tests/Proj/GameTest.php" line="276" assertions="7" time="0.000453"/>
        <testcase name="testPlayerRaise" class="App\Proj\GameTest" classname="App.Proj.GameTest" file="/Users/jonatan/Desktop/BTH/dbwebb-kurser/mvc/me/report/tests/Proj/GameTest.php" line="301" assertions="7" time="0.000430"/>
        <testcase name="testPlayerRaiseAllIn" class="App\Proj\GameTest" classname="App.Proj.GameTest" file="/Users/jonatan/Desktop/BTH/dbwebb-kurser/mvc/me/report/tests/Proj/GameTest.php" line="326" assertions="7" time="0.000427"/>
        <testcase name="testPlayerCheck" class="App\Proj\GameTest" classname="App.Proj.GameTest" file="/Users/jonatan/Desktop/BTH/dbwebb-kurser/mvc/me/report/tests/Proj/GameTest.php" line="350" assertions="4" time="0.000405"/>
        <testcase name="testCanCheck" class="App\Proj\GameTest" classname="App.Proj.GameTest" file="/Users/jonatan/Desktop/BTH/dbwebb-kurser/mvc/me/report/tests/Proj/GameTest.php" line="371" assertions="1" time="0.000390"/>
      </testsuite>
      <testsuite name="App\Proj\CardHandTest" file="/Users/jonatan/Desktop/BTH/dbwebb-kurser/mvc/me/report/tests/Proj/HandTest.php" tests="4" assertions="6" errors="0" warnings="0" failures="0" skipped="0" time="0.000668">
        <testcase name="testCreateHand" class="App\Proj\CardHandTest" classname="App.Proj.CardHandTest" file="/Users/jonatan/Desktop/BTH/dbwebb-kurser/mvc/me/report/tests/Proj/HandTest.php" line="16" assertions="2" time="0.000170"/>
        <testcase name="testAddingCard" class="App\Proj\CardHandTest" classname="App.Proj.CardHandTest" file="/Users/jonatan/Desktop/BTH/dbwebb-kurser/mvc/me/report/tests/Proj/HandTest.php" line="27" assertions="2" time="0.000165"/>
        <testcase name="testRemovingCard" class="App\Proj\CardHandTest" classname="App.Proj.CardHandTest" file="/Users/jonatan/Desktop/BTH/dbwebb-kurser/mvc/me/report/tests/Proj/HandTest.php" line="44" assertions="1" time="0.000165"/>
        <testcase name="testToString" class="App\Proj\CardHandTest" classname="App.Proj.CardHandTest" file="/Users/jonatan/Desktop/BTH/dbwebb-kurser/mvc/me/report/tests/Proj/HandTest.php" line="58" assertions="1" time="0.000168"/>
      </testsuite>
      <testsuite name="App\Proj\PlayerTest" file="/Users/jonatan/Desktop/BTH/dbwebb-kurser/mvc/me/report/tests/Proj/PlayerTest.php" tests="6" assertions="32" errors="0" warnings="0" failures="0" skipped="0" time="0.001291">
        <testcase name="testCreatePlayer" class="App\Proj\PlayerTest" classname="App.Proj.PlayerTest" file="/Users/jonatan/Desktop/BTH/dbwebb-kurser/mvc/me/report/tests/Proj/PlayerTest.php" line="16" assertions="12" time="0.000210"/>
        <testcase name="testAddCard" class="App\Proj\PlayerTest" classname="App.Proj.PlayerTest" file="/Users/jonatan/Desktop/BTH/dbwebb-kurser/mvc/me/report/tests/Proj/PlayerTest.php" line="64" assertions="2" time="0.000170"/>
        <testcase name="testSetters" class="App\Proj\PlayerTest" classname="App.Proj.PlayerTest" file="/Users/jonatan/Desktop/BTH/dbwebb-kurser/mvc/me/report/tests/Proj/PlayerTest.php" line="79" assertions="10" time="0.000358"/>
        <testcase name="testMakeBetValid" class="App\Proj\PlayerTest" classname="App.Proj.PlayerTest" file="/Users/jonatan/Desktop/BTH/dbwebb-kurser/mvc/me/report/tests/Proj/PlayerTest.php" line="141" assertions="1" time="0.000188"/>
        <testcase name="testMakeBetInvalid" class="App\Proj\PlayerTest" classname="App.Proj.PlayerTest" file="/Users/jonatan/Desktop/BTH/dbwebb-kurser/mvc/me/report/tests/Proj/PlayerTest.php" line="150" assertions="1" time="0.000163"/>
        <testcase name="testNewRound" class="App\Proj\PlayerTest" classname="App.Proj.PlayerTest" file="/Users/jonatan/Desktop/BTH/dbwebb-kurser/mvc/me/report/tests/Proj/PlayerTest.php" line="159" assertions="6" time="0.000203"/>
      </testsuite>
    </testsuite>
  </testsuite>
</testsuites>
