<?xml version="1.0" encoding="UTF-8"?>
<testsuites>
  <testsuite name="" tests="27" assertions="60" errors="0" warnings="0" failures="0" skipped="0" time="0.016149">
    <testsuite name="Project Test Suite" tests="27" assertions="60" errors="0" warnings="0" failures="0" skipped="0" time="0.016149">
      <testsuite name="App\Card\CardGraphicTest" file="/Users/jonatan/Desktop/BTH/dbwebb-kurser/mvc/me/report/tests/Card/CardGraphicTest.php" tests="2" assertions="4" errors="0" warnings="0" failures="0" skipped="0" time="0.005384">
        <testcase name="testCreateCardGraphic" class="App\Card\CardGraphicTest" classname="App.Card.CardGraphicTest" file="/Users/jonatan/Desktop/BTH/dbwebb-kurser/mvc/me/report/tests/Card/CardGraphicTest.php" line="16" assertions="3" time="0.005143"/>
        <testcase name="testToString" class="App\Card\CardGraphicTest" classname="App.Card.CardGraphicTest" file="/Users/jonatan/Desktop/BTH/dbwebb-kurser/mvc/me/report/tests/Card/CardGraphicTest.php" line="32" assertions="1" time="0.000241"/>
      </testsuite>
      <testsuite name="App\Card\CardHandTest" file="/Users/jonatan/Desktop/BTH/dbwebb-kurser/mvc/me/report/tests/Card/CardHandTest.php" tests="4" assertions="6" errors="0" warnings="0" failures="0" skipped="0" time="0.001260">
        <testcase name="testCreateHand" class="App\Card\CardHandTest" classname="App.Card.CardHandTest" file="/Users/jonatan/Desktop/BTH/dbwebb-kurser/mvc/me/report/tests/Card/CardHandTest.php" line="16" assertions="2" time="0.000742"/>
        <testcase name="testAddingCard" class="App\Card\CardHandTest" classname="App.Card.CardHandTest" file="/Users/jonatan/Desktop/BTH/dbwebb-kurser/mvc/me/report/tests/Card/CardHandTest.php" line="27" assertions="2" time="0.000177"/>
        <testcase name="testRemovingCard" class="App\Card\CardHandTest" classname="App.Card.CardHandTest" file="/Users/jonatan/Desktop/BTH/dbwebb-kurser/mvc/me/report/tests/Card/CardHandTest.php" line="44" assertions="1" time="0.000173"/>
        <testcase name="testToString" class="App\Card\CardHandTest" classname="App.Card.CardHandTest" file="/Users/jonatan/Desktop/BTH/dbwebb-kurser/mvc/me/report/tests/Card/CardHandTest.php" line="58" assertions="1" time="0.000170"/>
      </testsuite>
      <testsuite name="App\Card\CardTest" file="/Users/jonatan/Desktop/BTH/dbwebb-kurser/mvc/me/report/tests/Card/CardTest.php" tests="2" assertions="4" errors="0" warnings="0" failures="0" skipped="0" time="0.000312">
        <testcase name="testCreateCard" class="App\Card\CardTest" classname="App.Card.CardTest" file="/Users/jonatan/Desktop/BTH/dbwebb-kurser/mvc/me/report/tests/Card/CardTest.php" line="16" assertions="3" time="0.000161"/>
        <testcase name="testToString" class="App\Card\CardTest" classname="App.Card.CardTest" file="/Users/jonatan/Desktop/BTH/dbwebb-kurser/mvc/me/report/tests/Card/CardTest.php" line="32" assertions="1" time="0.000151"/>
      </testsuite>
      <testsuite name="App\Card\DeckOfCardsTest" file="/Users/jonatan/Desktop/BTH/dbwebb-kurser/mvc/me/report/tests/Card/DeckOfCardsTest.php" tests="6" assertions="12" errors="0" warnings="0" failures="0" skipped="0" time="0.003852">
        <testcase name="testCreateDeckOfCards" class="App\Card\DeckOfCardsTest" classname="App.Card.DeckOfCardsTest" file="/Users/jonatan/Desktop/BTH/dbwebb-kurser/mvc/me/report/tests/Card/DeckOfCardsTest.php" line="19" assertions="2" time="0.001332"/>
        <testcase name="testDrawValid" class="App\Card\DeckOfCardsTest" classname="App.Card.DeckOfCardsTest" file="/Users/jonatan/Desktop/BTH/dbwebb-kurser/mvc/me/report/tests/Card/DeckOfCardsTest.php" line="30" assertions="2" time="0.000265"/>
        <testcase name="testDrawException" class="App\Card\DeckOfCardsTest" classname="App.Card.DeckOfCardsTest" file="/Users/jonatan/Desktop/BTH/dbwebb-kurser/mvc/me/report/tests/Card/DeckOfCardsTest.php" line="45" assertions="1" time="0.000989"/>
        <testcase name="testSort" class="App\Card\DeckOfCardsTest" classname="App.Card.DeckOfCardsTest" file="/Users/jonatan/Desktop/BTH/dbwebb-kurser/mvc/me/report/tests/Card/DeckOfCardsTest.php" line="58" assertions="2" time="0.000746"/>
        <testcase name="testDrawMultiple" class="App\Card\DeckOfCardsTest" classname="App.Card.DeckOfCardsTest" file="/Users/jonatan/Desktop/BTH/dbwebb-kurser/mvc/me/report/tests/Card/DeckOfCardsTest.php" line="74" assertions="4" time="0.000246"/>
        <testcase name="testToString" class="App\Card\DeckOfCardsTest" classname="App.Card.DeckOfCardsTest" file="/Users/jonatan/Desktop/BTH/dbwebb-kurser/mvc/me/report/tests/Card/DeckOfCardsTest.php" line="97" assertions="1" time="0.000274"/>
      </testsuite>
      <testsuite name="App\Entity\EntityTest" file="/Users/jonatan/Desktop/BTH/dbwebb-kurser/mvc/me/report/tests/Entity/LibraryTest.php" tests="1" assertions="6" errors="0" warnings="0" failures="0" skipped="0" time="0.000466">
        <testcase name="testLibrary" class="App\Entity\EntityTest" classname="App.Entity.EntityTest" file="/Users/jonatan/Desktop/BTH/dbwebb-kurser/mvc/me/report/tests/Entity/LibraryTest.php" line="17" assertions="6" time="0.000466"/>
      </testsuite>
      <testsuite name="App\Game\GameStateTest" file="/Users/jonatan/Desktop/BTH/dbwebb-kurser/mvc/me/report/tests/Game/GameStateTest.php" tests="10" assertions="23" errors="0" warnings="0" failures="0" skipped="0" time="0.004541">
        <testcase name="testCreateGameState" class="App\Game\GameStateTest" classname="App.Game.GameStateTest" file="/Users/jonatan/Desktop/BTH/dbwebb-kurser/mvc/me/report/tests/Game/GameStateTest.php" line="17" assertions="7" time="0.001303"/>
        <testcase name="testPlayerDraw" class="App\Game\GameStateTest" classname="App.Game.GameStateTest" file="/Users/jonatan/Desktop/BTH/dbwebb-kurser/mvc/me/report/tests/Game/GameStateTest.php" line="46" assertions="3" time="0.000377"/>
        <testcase name="testSetWinner" class="App\Game\GameStateTest" classname="App.Game.GameStateTest" file="/Users/jonatan/Desktop/BTH/dbwebb-kurser/mvc/me/report/tests/Game/GameStateTest.php" line="66" assertions="1" time="0.000302"/>
        <testcase name="testPlayerStop" class="App\Game\GameStateTest" classname="App.Game.GameStateTest" file="/Users/jonatan/Desktop/BTH/dbwebb-kurser/mvc/me/report/tests/Game/GameStateTest.php" line="79" assertions="1" time="0.000321"/>
        <testcase name="testSetScore" class="App\Game\GameStateTest" classname="App.Game.GameStateTest" file="/Users/jonatan/Desktop/BTH/dbwebb-kurser/mvc/me/report/tests/Game/GameStateTest.php" line="102" assertions="1" time="0.000297"/>
        <testcase name="testPlayerWin" class="App\Game\GameStateTest" classname="App.Game.GameStateTest" file="/Users/jonatan/Desktop/BTH/dbwebb-kurser/mvc/me/report/tests/Game/GameStateTest.php" line="114" assertions="2" time="0.000571"/>
        <testcase name="testEqualScore" class="App\Game\GameStateTest" classname="App.Game.GameStateTest" file="/Users/jonatan/Desktop/BTH/dbwebb-kurser/mvc/me/report/tests/Game/GameStateTest.php" line="131" assertions="2" time="0.000315"/>
        <testcase name="testBankHighScore" class="App\Game\GameStateTest" classname="App.Game.GameStateTest" file="/Users/jonatan/Desktop/BTH/dbwebb-kurser/mvc/me/report/tests/Game/GameStateTest.php" line="148" assertions="2" time="0.000313"/>
        <testcase name="testPlayerHighScore" class="App\Game\GameStateTest" classname="App.Game.GameStateTest" file="/Users/jonatan/Desktop/BTH/dbwebb-kurser/mvc/me/report/tests/Game/GameStateTest.php" line="165" assertions="2" time="0.000418"/>
        <testcase name="testPlayerDrawMany" class="App\Game\GameStateTest" classname="App.Game.GameStateTest" file="/Users/jonatan/Desktop/BTH/dbwebb-kurser/mvc/me/report/tests/Game/GameStateTest.php" line="182" assertions="2" time="0.000324"/>
      </testsuite>
      <testsuite name="App\Game\PlayerTest" file="/Users/jonatan/Desktop/BTH/dbwebb-kurser/mvc/me/report/tests/Game/PlayerTest.php" tests="2" assertions="5" errors="0" warnings="0" failures="0" skipped="0" time="0.000334">
        <testcase name="testCreatePlayer" class="App\Game\PlayerTest" classname="App.Game.PlayerTest" file="/Users/jonatan/Desktop/BTH/dbwebb-kurser/mvc/me/report/tests/Game/PlayerTest.php" line="16" assertions="3" time="0.000169"/>
        <testcase name="testAddCard" class="App\Game\PlayerTest" classname="App.Game.PlayerTest" file="/Users/jonatan/Desktop/BTH/dbwebb-kurser/mvc/me/report/tests/Game/PlayerTest.php" line="32" assertions="2" time="0.000165"/>
      </testsuite>
    </testsuite>
  </testsuite>
</testsuites>
